Info: Nothing to build for TP_1
Info: Nothing to build for TP_1
15:09:44 **** Incremental Build of configuration Debug for project TP_1 ****
Info: Internal Builder is used for build
gcc -O0 -g3 -Wall -c -fmessage-length=0 -o "src\\utn_comprobaciones.o" "..\\src\\utn_comprobaciones.c" 
gcc -O0 -g3 -Wall -c -fmessage-length=0 -o "src\\utn_operacionesMatematicas.o" "..\\src\\utn_operacionesMatematicas.c" 
gcc -O0 -g3 -Wall -c -fmessage-length=0 -o "src\\TP_1.o" "..\\src\\TP_1.c" 
gcc -O0 -g3 -Wall -c -fmessage-length=0 -o "src\\utn_pedirDatos.o" "..\\src\\utn_pedirDatos.c" 
gcc -O0 -g3 -Wall -c -fmessage-length=0 -o "src\\utn_bibliotecaTpUno.o" "..\\src\\utn_bibliotecaTpUno.c" 
gcc -o TP_1.exe "src\\TP_1.o" "src\\utn_bibliotecaTpUno.o" "src\\utn_comprobaciones.o" "src\\utn_operacionesMatematicas.o" "src\\utn_pedirDatos.o" 
15:23:39 **** Incremental Build of configuration Debug for project TP_1 ****
Info: Internal Builder is used for build
gcc -O0 -g3 -Wall -c -fmessage-length=0 -o "src\\TP_1.o" "..\\src\\TP_1.c" 
..\src\TP_1.c: In function 'main':
..\src\TP_1.c:171:69: error: expected ';' before '}' token
  171 |          printf("Ya ha operado, actualice los operandos por favor.")
      |                                                                     ^
      |                                                                     ;
  172 |         }
      |         ~                                                            
15:23:51 **** Incremental Build of configuration Debug for project TP_1 ****
Info: Internal Builder is used for build
gcc -O0 -g3 -Wall -c -fmessage-length=0 -o "src\\TP_1.o" "..\\src\\TP_1.c" 
gcc -o TP_1.exe "src\\TP_1.o" "src\\utn_bibliotecaTpUno.o" "src\\utn_comprobaciones.o" "src\\utn_operacionesMatematicas.o" "src\\utn_pedirDatos.o" 
c:/mingw/bin/../lib/gcc/mingw32/9.2.0/../../../../mingw32/bin/ld.exe: cannot open output file TP_1.exe: Permission denied
collect2.exe: error: ld returned 1 exit status
15:23:55 **** Incremental Build of configuration Debug for project TP_1 ****
Info: Internal Builder is used for build
gcc -o TP_1.exe "src\\TP_1.o" "src\\utn_bibliotecaTpUno.o" "src\\utn_comprobaciones.o" "src\\utn_operacionesMatematicas.o" "src\\utn_pedirDatos.o" 
Info: Nothing to build for TP_1
15:25:52 **** Incremental Build of configuration Debug for project TP_1 ****
Info: Internal Builder is used for build
gcc -O0 -g3 -Wall -c -fmessage-length=0 -o "src\\TP_1.o" "..\\src\\TP_1.c" 
gcc -o TP_1.exe "src\\TP_1.o" "src\\utn_bibliotecaTpUno.o" "src\\utn_comprobaciones.o" "src\\utn_operacionesMatematicas.o" "src\\utn_pedirDatos.o" 
Info: Nothing to build for TP_1
15:50:23 **** Incremental Build of configuration Debug for project TP_1 ****
Info: Internal Builder is used for build
gcc -O0 -g3 -Wall -c -fmessage-length=0 -o "src\\utn_comprobaciones.o" "..\\src\\utn_comprobaciones.c" 
gcc -O0 -g3 -Wall -c -fmessage-length=0 -o "src\\TP_1.o" "..\\src\\TP_1.c" 
..\src\TP_1.c: In function 'main':
..\src\TP_1.c:136:10: error: void value not ignored as it ought to be
  136 |       if(utn_comprobarEstadoDeOperacion(banderaOperarNuevamente)==0)
      |          ^~~~~~~~~~~~~~~~~~~~~~~~~~~~~~~~~~~~~~~~~~~~~~~~~~~~~~~
15:51:03 **** Incremental Build of configuration Debug for project TP_1 ****
Info: Internal Builder is used for build
gcc -O0 -g3 -Wall -c -fmessage-length=0 -o "src\\TP_1.o" "..\\src\\TP_1.c" 
..\src\TP_1.c: In function 'main':
..\src\TP_1.c:136:10: error: void value not ignored as it ought to be
  136 |       if(utn_comprobarEstadoDeOperacion(banderaOperarNuevamente)==0)
      |          ^~~~~~~~~~~~~~~~~~~~~~~~~~~~~~~~~~~~~~~~~~~~~~~~~~~~~~~
15:51:05 **** Incremental Build of configuration Debug for project TP_1 ****
Info: Internal Builder is used for build
gcc -O0 -g3 -Wall -c -fmessage-length=0 -o "src\\TP_1.o" "..\\src\\TP_1.c" 
..\src\TP_1.c: In function 'main':
..\src\TP_1.c:136:10: error: void value not ignored as it ought to be
  136 |       if(utn_comprobarEstadoDeOperacion(banderaOperarNuevamente)==0)
      |          ^~~~~~~~~~~~~~~~~~~~~~~~~~~~~~~~~~~~~~~~~~~~~~~~~~~~~~~
15:52:31 **** Incremental Build of configuration Debug for project TP_1 ****
Info: Internal Builder is used for build
gcc -O0 -g3 -Wall -c -fmessage-length=0 -o "src\\utn_bibliotecaTpUno.o" "..\\src\\utn_bibliotecaTpUno.c" 
gcc -O0 -g3 -Wall -c -fmessage-length=0 -o "src\\utn_comprobaciones.o" "..\\src\\utn_comprobaciones.c" 
gcc -O0 -g3 -Wall -c -fmessage-length=0 -o "src\\TP_1.o" "..\\src\\TP_1.c" 
gcc -o TP_1.exe "src\\TP_1.o" "src\\utn_bibliotecaTpUno.o" "src\\utn_comprobaciones.o" "src\\utn_operacionesMatematicas.o" "src\\utn_pedirDatos.o" 
c:/mingw/bin/../lib/gcc/mingw32/9.2.0/../../../../mingw32/bin/ld.exe: src\TP_1.o: in function `main':
C:\Users\GONZALO\Desktop\bajada para borrar\tp_laboratorio_1\TP_1\TP_1\Debug/../src/TP_1.c:42: undefined reference to `utn_comprobarEstadoDeOperacion'
c:/mingw/bin/../lib/gcc/mingw32/9.2.0/../../../../mingw32/bin/ld.exe: C:\Users\GONZALO\Desktop\bajada para borrar\tp_laboratorio_1\TP_1\TP_1\Debug/../src/TP_1.c:55: undefined reference to `utn_comprobarEstadoDeOperacion'
c:/mingw/bin/../lib/gcc/mingw32/9.2.0/../../../../mingw32/bin/ld.exe: C:\Users\GONZALO\Desktop\bajada para borrar\tp_laboratorio_1\TP_1\TP_1\Debug/../src/TP_1.c:76: undefined reference to `utn_comprobarEstadoDeOperacion'
c:/mingw/bin/../lib/gcc/mingw32/9.2.0/../../../../mingw32/bin/ld.exe: C:\Users\GONZALO\Desktop\bajada para borrar\tp_laboratorio_1\TP_1\TP_1\Debug/../src/TP_1.c:118: undefined reference to `utn_comprobarEstadoDeOperacion'
c:/mingw/bin/../lib/gcc/mingw32/9.2.0/../../../../mingw32/bin/ld.exe: C:\Users\GONZALO\Desktop\bajada para borrar\tp_laboratorio_1\TP_1\TP_1\Debug/../src/TP_1.c:136: undefined reference to `utn_comprobarEstadoDeOperacion'
c:/mingw/bin/../lib/gcc/mingw32/9.2.0/../../../../mingw32/bin/ld.exe: src\TP_1.o:C:\Users\GONZALO\Desktop\bajada para borrar\tp_laboratorio_1\TP_1\TP_1\Debug/../src/TP_1.c:141: more undefined references to `utn_comprobarEstadoDeOperacion' follow
collect2.exe: error: ld returned 1 exit status
15:53:17 **** Incremental Build of configuration Debug for project TP_1 ****
Info: Internal Builder is used for build
gcc -o TP_1.exe "src\\TP_1.o" "src\\utn_bibliotecaTpUno.o" "src\\utn_comprobaciones.o" "src\\utn_operacionesMatematicas.o" "src\\utn_pedirDatos.o" 
c:/mingw/bin/../lib/gcc/mingw32/9.2.0/../../../../mingw32/bin/ld.exe: src\TP_1.o: in function `main':
C:\Users\GONZALO\Desktop\bajada para borrar\tp_laboratorio_1\TP_1\TP_1\Debug/../src/TP_1.c:42: undefined reference to `utn_comprobarEstadoDeOperacion'
c:/mingw/bin/../lib/gcc/mingw32/9.2.0/../../../../mingw32/bin/ld.exe: C:\Users\GONZALO\Desktop\bajada para borrar\tp_laboratorio_1\TP_1\TP_1\Debug/../src/TP_1.c:55: undefined reference to `utn_comprobarEstadoDeOperacion'
c:/mingw/bin/../lib/gcc/mingw32/9.2.0/../../../../mingw32/bin/ld.exe: C:\Users\GONZALO\Desktop\bajada para borrar\tp_laboratorio_1\TP_1\TP_1\Debug/../src/TP_1.c:76: undefined reference to `utn_comprobarEstadoDeOperacion'
c:/mingw/bin/../lib/gcc/mingw32/9.2.0/../../../../mingw32/bin/ld.exe: C:\Users\GONZALO\Desktop\bajada para borrar\tp_laboratorio_1\TP_1\TP_1\Debug/../src/TP_1.c:118: undefined reference to `utn_comprobarEstadoDeOperacion'
c:/mingw/bin/../lib/gcc/mingw32/9.2.0/../../../../mingw32/bin/ld.exe: C:\Users\GONZALO\Desktop\bajada para borrar\tp_laboratorio_1\TP_1\TP_1\Debug/../src/TP_1.c:136: undefined reference to `utn_comprobarEstadoDeOperacion'
c:/mingw/bin/../lib/gcc/mingw32/9.2.0/../../../../mingw32/bin/ld.exe: src\TP_1.o:C:\Users\GONZALO\Desktop\bajada para borrar\tp_laboratorio_1\TP_1\TP_1\Debug/../src/TP_1.c:141: more undefined references to `utn_comprobarEstadoDeOperacion' follow
collect2.exe: error: ld returned 1 exit status
15:53:23 **** Incremental Build of configuration Debug for project TP_1 ****
Info: Internal Builder is used for build
gcc -o TP_1.exe "src\\TP_1.o" "src\\utn_bibliotecaTpUno.o" "src\\utn_comprobaciones.o" "src\\utn_operacionesMatematicas.o" "src\\utn_pedirDatos.o" 
c:/mingw/bin/../lib/gcc/mingw32/9.2.0/../../../../mingw32/bin/ld.exe: src\TP_1.o: in function `main':
C:\Users\GONZALO\Desktop\bajada para borrar\tp_laboratorio_1\TP_1\TP_1\Debug/../src/TP_1.c:42: undefined reference to `utn_comprobarEstadoDeOperacion'
c:/mingw/bin/../lib/gcc/mingw32/9.2.0/../../../../mingw32/bin/ld.exe: C:\Users\GONZALO\Desktop\bajada para borrar\tp_laboratorio_1\TP_1\TP_1\Debug/../src/TP_1.c:55: undefined reference to `utn_comprobarEstadoDeOperacion'
c:/mingw/bin/../lib/gcc/mingw32/9.2.0/../../../../mingw32/bin/ld.exe: C:\Users\GONZALO\Desktop\bajada para borrar\tp_laboratorio_1\TP_1\TP_1\Debug/../src/TP_1.c:76: undefined reference to `utn_comprobarEstadoDeOperacion'
c:/mingw/bin/../lib/gcc/mingw32/9.2.0/../../../../mingw32/bin/ld.exe: C:\Users\GONZALO\Desktop\bajada para borrar\tp_laboratorio_1\TP_1\TP_1\Debug/../src/TP_1.c:118: undefined reference to `utn_comprobarEstadoDeOperacion'
c:/mingw/bin/../lib/gcc/mingw32/9.2.0/../../../../mingw32/bin/ld.exe: C:\Users\GONZALO\Desktop\bajada para borrar\tp_laboratorio_1\TP_1\TP_1\Debug/../src/TP_1.c:136: undefined reference to `utn_comprobarEstadoDeOperacion'
c:/mingw/bin/../lib/gcc/mingw32/9.2.0/../../../../mingw32/bin/ld.exe: src\TP_1.o:C:\Users\GONZALO\Desktop\bajada para borrar\tp_laboratorio_1\TP_1\TP_1\Debug/../src/TP_1.c:141: more undefined references to `utn_comprobarEstadoDeOperacion' follow
collect2.exe: error: ld returned 1 exit status
15:53:54 **** Incremental Build of configuration Debug for project TP_1 ****
Info: Internal Builder is used for build
gcc -O0 -g3 -Wall -c -fmessage-length=0 -o "src\\utn_comprobaciones.o" "..\\src\\utn_comprobaciones.c" 
..\src\utn_comprobaciones.c: In function 'utn_comprobarPosibilidadDeMostrarResultados':
..\src\utn_comprobaciones.c:135:4: warning: implicit declaration of function 'utn_comprobarErrorDeOperacion'; did you mean 'utn_comprobarEstadoDeOperacion'? [-Wimplicit-function-declaration]
  135 |    utn_comprobarErrorDeOperacion(banderaParaRealizarOperaciones);
      |    ^~~~~~~~~~~~~~~~~~~~~~~~~~~~~
      |    utn_comprobarEstadoDeOperacion
gcc -o TP_1.exe "src\\TP_1.o" "src\\utn_bibliotecaTpUno.o" "src\\utn_comprobaciones.o" "src\\utn_operacionesMatematicas.o" "src\\utn_pedirDatos.o" 
c:/mingw/bin/../lib/gcc/mingw32/9.2.0/../../../../mingw32/bin/ld.exe: src\utn_comprobaciones.o: in function `utn_comprobarPosibilidadDeMostrarResultados':
C:\Users\GONZALO\Desktop\bajada para borrar\tp_laboratorio_1\TP_1\TP_1\Debug/../src/utn_comprobaciones.c:135: undefined reference to `utn_comprobarErrorDeOperacion'
c:/mingw/bin/../lib/gcc/mingw32/9.2.0/../../../../mingw32/bin/ld.exe: C:\Users\GONZALO\Desktop\bajada para borrar\tp_laboratorio_1\TP_1\TP_1\Debug/../src/utn_comprobaciones.c:139: undefined reference to `utn_comprobarErrorDeOperacion'
collect2.exe: error: ld returned 1 exit status
15:54:38 **** Incremental Build of configuration Debug for project TP_1 ****
Info: Internal Builder is used for build
gcc -O0 -g3 -Wall -c -fmessage-length=0 -o "src\\utn_comprobaciones.o" "..\\src\\utn_comprobaciones.c" 
gcc -o TP_1.exe "src\\TP_1.o" "src\\utn_bibliotecaTpUno.o" "src\\utn_comprobaciones.o" "src\\utn_operacionesMatematicas.o" "src\\utn_pedirDatos.o" 
Info: Nothing to build for TP_1
Info: Nothing to build for TP_1
Info: Nothing to build for TP_1
Info: Nothing to build for TP_1
Info: Nothing to build for TP_1
Info: Nothing to build for TP_1
16:06:55 **** Incremental Build of configuration Debug for project TP_1 ****
Info: Internal Builder is used for build
gcc -O0 -g3 -Wall -c -fmessage-length=0 -o "src\\utn_comprobaciones.o" "..\\src\\utn_comprobaciones.c" 
gcc -O0 -g3 -Wall -c -fmessage-length=0 -o "src\\TP_1.o" "..\\src\\TP_1.c" 
gcc -o TP_1.exe "src\\TP_1.o" "src\\utn_bibliotecaTpUno.o" "src\\utn_comprobaciones.o" "src\\utn_operacionesMatematicas.o" "src\\utn_pedirDatos.o" 
Info: Nothing to build for TP_1
16:14:28 **** Incremental Build of configuration Debug for project TP_1 ****
Info: Internal Builder is used for build
gcc -O0 -g3 -Wall -c -fmessage-length=0 -o "src\\TP_1.o" "..\\src\\TP_1.c" 
gcc -O0 -g3 -Wall -c -fmessage-length=0 -o "src\\utn_comprobaciones.o" "..\\src\\utn_comprobaciones.c" 
gcc -o TP_1.exe "src\\TP_1.o" "src\\utn_bibliotecaTpUno.o" "src\\utn_comprobaciones.o" "src\\utn_operacionesMatematicas.o" "src\\utn_pedirDatos.o" 
c:/mingw/bin/../lib/gcc/mingw32/9.2.0/../../../../mingw32/bin/ld.exe: cannot open output file TP_1.exe: Permission denied
collect2.exe: error: ld returned 1 exit status
16:14:36 **** Incremental Build of configuration Debug for project TP_1 ****
Info: Internal Builder is used for build
gcc -o TP_1.exe "src\\TP_1.o" "src\\utn_bibliotecaTpUno.o" "src\\utn_comprobaciones.o" "src\\utn_operacionesMatematicas.o" "src\\utn_pedirDatos.o" 
Info: Nothing to build for TP_1
Info: Nothing to build for TP_1
Info: Nothing to build for TP_1
16:25:01 **** Incremental Build of configuration Debug for project TP_1 ****
Info: Internal Builder is used for build
gcc -O0 -g3 -Wall -c -fmessage-length=0 -o "src\\TP_1.o" "..\\src\\TP_1.c" 
gcc -o TP_1.exe "src\\TP_1.o" "src\\utn_bibliotecaTpUno.o" "src\\utn_comprobaciones.o" "src\\utn_operacionesMatematicas.o" "src\\utn_pedirDatos.o" 
Info: Nothing to build for TP_1
Info: Nothing to build for TP_1
Info: Nothing to build for TP_1
16:30:30 **** Incremental Build of configuration Debug for project TP_1 ****
Info: Internal Builder is used for build
gcc -O0 -g3 -Wall -c -fmessage-length=0 -o "src\\utn_comprobaciones.o" "..\\src\\utn_comprobaciones.c" 
gcc -o TP_1.exe "src\\TP_1.o" "src\\utn_bibliotecaTpUno.o" "src\\utn_comprobaciones.o" "src\\utn_operacionesMatematicas.o" "src\\utn_pedirDatos.o" 
Info: Nothing to build for TP_1
16:32:19 **** Incremental Build of configuration Debug for project TP_1 ****
Info: Internal Builder is used for build
gcc -O0 -g3 -Wall -c -fmessage-length=0 -o "src\\utn_comprobaciones.o" "..\\src\\utn_comprobaciones.c" 
gcc -O0 -g3 -Wall -c -fmessage-length=0 -o "src\\TP_1.o" "..\\src\\TP_1.c" 
gcc -o TP_1.exe "src\\TP_1.o" "src\\utn_bibliotecaTpUno.o" "src\\utn_comprobaciones.o" "src\\utn_operacionesMatematicas.o" "src\\utn_pedirDatos.o" 
16:33:06 **** Incremental Build of configuration Debug for project TP_1 ****
Info: Internal Builder is used for build
gcc -O0 -g3 -Wall -c -fmessage-length=0 -o "src\\utn_comprobaciones.o" "..\\src\\utn_comprobaciones.c" 
gcc -o TP_1.exe "src\\TP_1.o" "src\\utn_bibliotecaTpUno.o" "src\\utn_comprobaciones.o" "src\\utn_operacionesMatematicas.o" "src\\utn_pedirDatos.o" 
Info: Nothing to build for TP_1
Info: Nothing to build for TP_1
16:33:52 **** Incremental Build of configuration Debug for project TP_1 ****
Info: Internal Builder is used for build
gcc -O0 -g3 -Wall -c -fmessage-length=0 -o "src\\TP_1.o" "..\\src\\TP_1.c" 
gcc -o TP_1.exe "src\\TP_1.o" "src\\utn_bibliotecaTpUno.o" "src\\utn_comprobaciones.o" "src\\utn_operacionesMatematicas.o" "src\\utn_pedirDatos.o" 
16:35:13 **** Incremental Build of configuration Debug for project TP_1 ****
Info: Internal Builder is used for build
gcc -O0 -g3 -Wall -c -fmessage-length=0 -o "src\\TP_1.o" "..\\src\\TP_1.c" 
gcc -o TP_1.exe "src\\TP_1.o" "src\\utn_bibliotecaTpUno.o" "src\\utn_comprobaciones.o" "src\\utn_operacionesMatematicas.o" "src\\utn_pedirDatos.o" 
Info: Nothing to build for TP_1
Info: Nothing to build for TP_1
Info: Nothing to build for TP_1
16:38:12 **** Incremental Build of configuration Debug for project TP_1 ****
Info: Internal Builder is used for build
gcc -O0 -g3 -Wall -c -fmessage-length=0 -o "src\\utn_comprobaciones.o" "..\\src\\utn_comprobaciones.c" 
gcc -o TP_1.exe "src\\TP_1.o" "src\\utn_bibliotecaTpUno.o" "src\\utn_comprobaciones.o" "src\\utn_operacionesMatematicas.o" "src\\utn_pedirDatos.o" 
c:/mingw/bin/../lib/gcc/mingw32/9.2.0/../../../../mingw32/bin/ld.exe: cannot open output file TP_1.exe: Permission denied
collect2.exe: error: ld returned 1 exit status
16:38:20 **** Incremental Build of configuration Debug for project TP_1 ****
Info: Internal Builder is used for build
gcc -o TP_1.exe "src\\TP_1.o" "src\\utn_bibliotecaTpUno.o" "src\\utn_comprobaciones.o" "src\\utn_operacionesMatematicas.o" "src\\utn_pedirDatos.o" 
16:42:09 **** Incremental Build of configuration Debug for project TP_1 ****
Info: Internal Builder is used for build
gcc -O0 -g3 -Wall -c -fmessage-length=0 -o "src\\utn_bibliotecaTpUno.o" "..\\src\\utn_bibliotecaTpUno.c" 
gcc -o TP_1.exe "src\\TP_1.o" "src\\utn_bibliotecaTpUno.o" "src\\utn_comprobaciones.o" "src\\utn_operacionesMatematicas.o" "src\\utn_pedirDatos.o" 
16:42:24 **** Incremental Build of configuration Debug for project TP_1 ****
Info: Internal Builder is used for build
gcc -O0 -g3 -Wall -c -fmessage-length=0 -o "src\\TP_1.o" "..\\src\\TP_1.c" 
gcc -o TP_1.exe "src\\TP_1.o" "src\\utn_bibliotecaTpUno.o" "src\\utn_comprobaciones.o" "src\\utn_operacionesMatematicas.o" "src\\utn_pedirDatos.o" 
Info: Nothing to build for TP_1
Info: Nothing to build for TP_1
16:44:38 **** Incremental Build of configuration Debug for project TP_1 ****
Info: Internal Builder is used for build
gcc -O0 -g3 -Wall -c -fmessage-length=0 -o "src\\TP_1.o" "..\\src\\TP_1.c" 
gcc -o TP_1.exe "src\\TP_1.o" "src\\utn_bibliotecaTpUno.o" "src\\utn_comprobaciones.o" "src\\utn_operacionesMatematicas.o" "src\\utn_pedirDatos.o" 
Info: Nothing to build for TP_1
Info: Nothing to build for TP_1
16:45:50 **** Incremental Build of configuration Debug for project TP_1 ****
Info: Internal Builder is used for build
gcc -O0 -g3 -Wall -c -fmessage-length=0 -o "src\\TP_1.o" "..\\src\\TP_1.c" 
gcc -o TP_1.exe "src\\TP_1.o" "src\\utn_bibliotecaTpUno.o" "src\\utn_comprobaciones.o" "src\\utn_operacionesMatematicas.o" "src\\utn_pedirDatos.o" 
16:46:07 **** Incremental Build of configuration Debug for project TP_1 ****
Info: Internal Builder is used for build
gcc -O0 -g3 -Wall -c -fmessage-length=0 -o "src\\TP_1.o" "..\\src\\TP_1.c" 
gcc -o TP_1.exe "src\\TP_1.o" "src\\utn_bibliotecaTpUno.o" "src\\utn_comprobaciones.o" "src\\utn_operacionesMatematicas.o" "src\\utn_pedirDatos.o" 
Info: Nothing to build for TP_1
17:26:11 **** Incremental Build of configuration Debug for project TP_1 ****
Info: Internal Builder is used for build
gcc -O0 -g3 -Wall -c -fmessage-length=0 -o "src\\TP_1.o" "..\\src\\TP_1.c" 
gcc -o TP_1.exe "src\\TP_1.o" "src\\utn_bibliotecaTpUno.o" "src\\utn_comprobaciones.o" "src\\utn_operacionesMatematicas.o" "src\\utn_pedirDatos.o" 
17:26:28 **** Incremental Build of configuration Debug for project TP_1 ****
Info: Internal Builder is used for build
gcc -O0 -g3 -Wall -c -fmessage-length=0 -o "src\\TP_1.o" "..\\src\\TP_1.c" 
gcc -o TP_1.exe "src\\TP_1.o" "src\\utn_bibliotecaTpUno.o" "src\\utn_comprobaciones.o" "src\\utn_operacionesMatematicas.o" "src\\utn_pedirDatos.o" 
17:27:05 **** Incremental Build of configuration Debug for project TP_1 ****
Info: Internal Builder is used for build
gcc -O0 -g3 -Wall -c -fmessage-length=0 -o "src\\TP_1.o" "..\\src\\TP_1.c" 
gcc -o TP_1.exe "src\\TP_1.o" "src\\utn_bibliotecaTpUno.o" "src\\utn_comprobaciones.o" "src\\utn_operacionesMatematicas.o" "src\\utn_pedirDatos.o" 
c:/mingw/bin/../lib/gcc/mingw32/9.2.0/../../../../mingw32/bin/ld.exe: cannot open output file TP_1.exe: Permission denied
collect2.exe: error: ld returned 1 exit status
17:27:06 **** Incremental Build of configuration Debug for project TP_1 ****
Info: Internal Builder is used for build
gcc -o TP_1.exe "src\\TP_1.o" "src\\utn_bibliotecaTpUno.o" "src\\utn_comprobaciones.o" "src\\utn_operacionesMatematicas.o" "src\\utn_pedirDatos.o" 
17:27:16 **** Incremental Build of configuration Debug for project TP_1 ****
Info: Internal Builder is used for build
gcc -O0 -g3 -Wall -c -fmessage-length=0 -o "src\\TP_1.o" "..\\src\\TP_1.c" 
gcc -o TP_1.exe "src\\TP_1.o" "src\\utn_bibliotecaTpUno.o" "src\\utn_comprobaciones.o" "src\\utn_operacionesMatematicas.o" "src\\utn_pedirDatos.o" 
Info: Nothing to build for TP_1
Info: Nothing to build for TP_1
