15:16:18 **** Rebuild of configuration Debug for project TP_2 ****
Info: Internal Builder is used for build
gcc -O0 -g3 -Wall -c -fmessage-length=0 -o "src\\TP_2.o" "..\\src\\TP_2.c" 
gcc -O0 -g3 -Wall -c -fmessage-length=0 -o "src\\Menus.o" "..\\src\\Menus.c" 
gcc -O0 -g3 -Wall -c -fmessage-length=0 -o "src\\ComprobarErrores.o" "..\\src\\ComprobarErrores.c" 
gcc -O0 -g3 -Wall -c -fmessage-length=0 -o "src\\ArrayEmployees.o" "..\\src\\ArrayEmployees.c" 
gcc -O0 -g3 -Wall -c -fmessage-length=0 -o "src\\Inputs.o" "..\\src\\Inputs.c" 
gcc -o TP_2.exe "src\\ArrayEmployees.o" "src\\ComprobarErrores.o" "src\\Inputs.o" "src\\Menus.o" "src\\TP_2.o" 
Info: Nothing to build for TP_2
Info: Nothing to build for TP_2
Info: Nothing to build for TP_2
15:22:59 **** Incremental Build of configuration Debug for project TP_2 ****
Info: Internal Builder is used for build
gcc -O0 -g3 -Wall -c -fmessage-length=0 -o "src\\TP_2.o" "..\\src\\TP_2.c" 
gcc -o TP_2.exe "src\\ArrayEmployees.o" "src\\ComprobarErrores.o" "src\\Inputs.o" "src\\Menus.o" "src\\TP_2.o" 
15:23:41 **** Incremental Build of configuration Debug for project TP_2 ****
Info: Internal Builder is used for build
gcc -O0 -g3 -Wall -c -fmessage-length=0 -o "src\\TP_2.o" "..\\src\\TP_2.c" 
gcc -o TP_2.exe "src\\ArrayEmployees.o" "src\\ComprobarErrores.o" "src\\Inputs.o" "src\\Menus.o" "src\\TP_2.o" 
Info: Nothing to build for TP_2
08:47:57 **** Incremental Build of configuration Debug for project TP_2 ****
Info: Internal Builder is used for build
gcc -O0 -g3 -Wall -c -fmessage-length=0 -o "src\\Inputs.o" "..\\src\\Inputs.c" 
gcc -o TP_2.exe "src\\ArrayEmployees.o" "src\\ComprobarErrores.o" "src\\Inputs.o" "src\\Menus.o" "src\\TP_2.o" 
09:23:12 **** Incremental Build of configuration Debug for project TP_2 ****
Info: Internal Builder is used for build
gcc -O0 -g3 -Wall -c -fmessage-length=0 -o "src\\Menus.o" "..\\src\\Menus.c" 
gcc -O0 -g3 -Wall -c -fmessage-length=0 -o "src\\ArrayEmployees.o" "..\\src\\ArrayEmployees.c" 
..\src\ArrayEmployees.c: In function 'addEmployees':
..\src\ArrayEmployees.c:170:10: warning: 'i' may be used uninitialized in this function [-Wmaybe-uninitialized]
  170 |      list[i].id = id;
      |          ^
gcc -O0 -g3 -Wall -c -fmessage-length=0 -o "src\\ComprobarErrores.o" "..\\src\\ComprobarErrores.c" 
gcc -O0 -g3 -Wall -c -fmessage-length=0 -o "src\\TP_2.o" "..\\src\\TP_2.c" 
gcc -o TP_2.exe "src\\ArrayEmployees.o" "src\\ComprobarErrores.o" "src\\Inputs.o" "src\\Menus.o" "src\\TP_2.o" 
09:23:25 **** Incremental Build of configuration Debug for project TP_2 ****
Info: Internal Builder is used for build
gcc -O0 -g3 -Wall -c -fmessage-length=0 -o "src\\TP_2.o" "..\\src\\TP_2.c" 
gcc -o TP_2.exe "src\\ArrayEmployees.o" "src\\ComprobarErrores.o" "src\\Inputs.o" "src\\Menus.o" "src\\TP_2.o" 
09:24:23 **** Incremental Build of configuration Debug for project TP_2 ****
Info: Internal Builder is used for build
gcc -O0 -g3 -Wall -c -fmessage-length=0 -o "src\\TP_2.o" "..\\src\\TP_2.c" 
gcc -o TP_2.exe "src\\ArrayEmployees.o" "src\\ComprobarErrores.o" "src\\Inputs.o" "src\\Menus.o" "src\\TP_2.o" 
09:27:08 **** Incremental Build of configuration Debug for project TP_2 ****
Info: Internal Builder is used for build
gcc -O0 -g3 -Wall -c -fmessage-length=0 -o "src\\TP_2.o" "..\\src\\TP_2.c" 
gcc -O0 -g3 -Wall -c -fmessage-length=0 -o "src\\ArrayEmployees.o" "..\\src\\ArrayEmployees.c" 
..\src\ArrayEmployees.c: In function 'addEmployees':
..\src\ArrayEmployees.c:170:10: warning: 'i' may be used uninitialized in this function [-Wmaybe-uninitialized]
  170 |      list[i].id = id;
      |          ^
gcc -o TP_2.exe "src\\ArrayEmployees.o" "src\\ComprobarErrores.o" "src\\Inputs.o" "src\\Menus.o" "src\\TP_2.o" 
09:35:29 **** Incremental Build of configuration Debug for project TP_2 ****
Info: Internal Builder is used for build
gcc -O0 -g3 -Wall -c -fmessage-length=0 -o "src\\ArrayEmployees.o" "..\\src\\ArrayEmployees.c" 
..\src\ArrayEmployees.c: In function 'addEmployees':
..\src\ArrayEmployees.c:172:56: error: 'i' undeclared (first use in this function); did you mean 'id'?
  172 |      strncpy(list[indiceLibre].name, name, sizeof(list[i].name));
      |                                                        ^
      |                                                        id
..\src\ArrayEmployees.c:172:56: note: each undeclared identifier is reported only once for each function it appears in
09:36:14 **** Incremental Build of configuration Debug for project TP_2 ****
Info: Internal Builder is used for build
gcc -O0 -g3 -Wall -c -fmessage-length=0 -o "src\\ArrayEmployees.o" "..\\src\\ArrayEmployees.c" 
gcc -o TP_2.exe "src\\ArrayEmployees.o" "src\\ComprobarErrores.o" "src\\Inputs.o" "src\\Menus.o" "src\\TP_2.o" 
c:/mingw/bin/../lib/gcc/mingw32/9.2.0/../../../../mingw32/bin/ld.exe: cannot open output file TP_2.exe: Permission denied
collect2.exe: error: ld returned 1 exit status
09:36:18 **** Incremental Build of configuration Debug for project TP_2 ****
Info: Internal Builder is used for build
gcc -o TP_2.exe "src\\ArrayEmployees.o" "src\\ComprobarErrores.o" "src\\Inputs.o" "src\\Menus.o" "src\\TP_2.o" 
Info: Nothing to build for TP_2
Info: Nothing to build for TP_2
Info: Nothing to build for TP_2
Info: Nothing to build for TP_2
Info: Nothing to build for TP_2
Info: Nothing to build for TP_2
Info: Nothing to build for TP_2
09:41:20 **** Incremental Build of configuration Debug for project TP_2 ****
Info: Internal Builder is used for build
gcc -O0 -g3 -Wall -c -fmessage-length=0 -o "src\\TP_2.o" "..\\src\\TP_2.c" 
gcc -o TP_2.exe "src\\ArrayEmployees.o" "src\\ComprobarErrores.o" "src\\Inputs.o" "src\\Menus.o" "src\\TP_2.o" 
09:42:38 **** Incremental Build of configuration Debug for project TP_2 ****
Info: Internal Builder is used for build
gcc -O0 -g3 -Wall -c -fmessage-length=0 -o "src\\TP_2.o" "..\\src\\TP_2.c" 
gcc -o TP_2.exe "src\\ArrayEmployees.o" "src\\ComprobarErrores.o" "src\\Inputs.o" "src\\Menus.o" "src\\TP_2.o" 
c:/mingw/bin/../lib/gcc/mingw32/9.2.0/../../../../mingw32/bin/ld.exe: cannot open output file TP_2.exe: Permission denied
collect2.exe: error: ld returned 1 exit status
09:42:40 **** Incremental Build of configuration Debug for project TP_2 ****
Info: Internal Builder is used for build
gcc -o TP_2.exe "src\\ArrayEmployees.o" "src\\ComprobarErrores.o" "src\\Inputs.o" "src\\Menus.o" "src\\TP_2.o" 
09:44:25 **** Incremental Build of configuration Debug for project TP_2 ****
Info: Internal Builder is used for build
gcc -O0 -g3 -Wall -c -fmessage-length=0 -o "src\\Menus.o" "..\\src\\Menus.c" 
gcc -O0 -g3 -Wall -c -fmessage-length=0 -o "src\\TP_2.o" "..\\src\\TP_2.c" 
gcc -O0 -g3 -Wall -c -fmessage-length=0 -o "src\\ArrayEmployees.o" "..\\src\\ArrayEmployees.c" 
gcc -o TP_2.exe "src\\ArrayEmployees.o" "src\\ComprobarErrores.o" "src\\Inputs.o" "src\\Menus.o" "src\\TP_2.o" 
09:45:36 **** Incremental Build of configuration Debug for project TP_2 ****
Info: Internal Builder is used for build
gcc -O0 -g3 -Wall -c -fmessage-length=0 -o "src\\TP_2.o" "..\\src\\TP_2.c" 
gcc -O0 -g3 -Wall -c -fmessage-length=0 -o "src\\ArrayEmployees.o" "..\\src\\ArrayEmployees.c" 
gcc -O0 -g3 -Wall -c -fmessage-length=0 -o "src\\Menus.o" "..\\src\\Menus.c" 
gcc -o TP_2.exe "src\\ArrayEmployees.o" "src\\ComprobarErrores.o" "src\\Inputs.o" "src\\Menus.o" "src\\TP_2.o" 
09:53:41 **** Incremental Build of configuration Debug for project TP_2 ****
Info: Internal Builder is used for build
gcc -O0 -g3 -Wall -c -fmessage-length=0 -o "src\\Menus.o" "..\\src\\Menus.c" 
gcc -O0 -g3 -Wall -c -fmessage-length=0 -o "src\\TP_2.o" "..\\src\\TP_2.c" 
gcc -O0 -g3 -Wall -c -fmessage-length=0 -o "src\\ArrayEmployees.o" "..\\src\\ArrayEmployees.c" 
gcc -o TP_2.exe "src\\ArrayEmployees.o" "src\\ComprobarErrores.o" "src\\Inputs.o" "src\\Menus.o" "src\\TP_2.o" 
c:/mingw/bin/../lib/gcc/mingw32/9.2.0/../../../../mingw32/bin/ld.exe: cannot open output file TP_2.exe: Permission denied
collect2.exe: error: ld returned 1 exit status
09:53:58 **** Incremental Build of configuration Debug for project TP_2 ****
Info: Internal Builder is used for build
gcc -o TP_2.exe "src\\ArrayEmployees.o" "src\\ComprobarErrores.o" "src\\Inputs.o" "src\\Menus.o" "src\\TP_2.o" 
09:55:54 **** Incremental Build of configuration Debug for project TP_2 ****
Info: Internal Builder is used for build
gcc -O0 -g3 -Wall -c -fmessage-length=0 -o "src\\ArrayEmployees.o" "..\\src\\ArrayEmployees.c" 
gcc -o TP_2.exe "src\\ArrayEmployees.o" "src\\ComprobarErrores.o" "src\\Inputs.o" "src\\Menus.o" "src\\TP_2.o" 
c:/mingw/bin/../lib/gcc/mingw32/9.2.0/../../../../mingw32/bin/ld.exe: cannot open output file TP_2.exe: Permission denied
collect2.exe: error: ld returned 1 exit status
09:55:56 **** Incremental Build of configuration Debug for project TP_2 ****
Info: Internal Builder is used for build
gcc -o TP_2.exe "src\\ArrayEmployees.o" "src\\ComprobarErrores.o" "src\\Inputs.o" "src\\Menus.o" "src\\TP_2.o" 
09:56:12 **** Incremental Build of configuration Debug for project TP_2 ****
Info: Internal Builder is used for build
gcc -O0 -g3 -Wall -c -fmessage-length=0 -o "src\\ArrayEmployees.o" "..\\src\\ArrayEmployees.c" 
gcc -o TP_2.exe "src\\ArrayEmployees.o" "src\\ComprobarErrores.o" "src\\Inputs.o" "src\\Menus.o" "src\\TP_2.o" 
c:/mingw/bin/../lib/gcc/mingw32/9.2.0/../../../../mingw32/bin/ld.exe: cannot open output file TP_2.exe: Permission denied
collect2.exe: error: ld returned 1 exit status
10:15:35 **** Incremental Build of configuration Debug for project TP_2 ****
Info: Internal Builder is used for build
gcc -O0 -g3 -Wall -c -fmessage-length=0 -o "src\\ArrayEmployees.o" "..\\src\\ArrayEmployees.c" 
..\src\ArrayEmployees.c:121:13: error: conflicting types for 'imprimirEncabezadoDeTablaEmpleados'
  121 | static void imprimirEncabezadoDeTablaEmpleados(int opcion)
      |             ^~~~~~~~~~~~~~~~~~~~~~~~~~~~~~~~~~
..\src\ArrayEmployees.c:40:13: note: previous declaration of 'imprimirEncabezadoDeTablaEmpleados' was here
   40 | static void imprimirEncabezadoDeTablaEmpleados(void);
      |             ^~~~~~~~~~~~~~~~~~~~~~~~~~~~~~~~~~
..\src\ArrayEmployees.c: In function 'printOneEmployee':
..\src\ArrayEmployees.c:490:5: error: too few arguments to function 'imprimirEncabezadoDeTablaEmpleados'
  490 |     imprimirEncabezadoDeTablaEmpleados();
      |     ^~~~~~~~~~~~~~~~~~~~~~~~~~~~~~~~~~
..\src\ArrayEmployees.c:121:13: note: declared here
  121 | static void imprimirEncabezadoDeTablaEmpleados(int opcion)
      |             ^~~~~~~~~~~~~~~~~~~~~~~~~~~~~~~~~~
..\src\ArrayEmployees.c:491:5: error: too few arguments to function 'imprimirFilaDeEmpleado'
  491 |     imprimirFilaDeEmpleado(listaEmpleados[indiceRecibido]);
      |     ^~~~~~~~~~~~~~~~~~~~~~
..\src\ArrayEmployees.c:140:13: note: declared here
  140 | static void imprimirFilaDeEmpleado(Employee empleado, int opcion)
      |             ^~~~~~~~~~~~~~~~~~~~~~
..\src\ArrayEmployees.c: In function 'printEmployees':
..\src\ArrayEmployees.c:540:4: error: too few arguments to function 'imprimirEncabezadoDeTablaEmpleados'
  540 |    imprimirEncabezadoDeTablaEmpleados();
      |    ^~~~~~~~~~~~~~~~~~~~~~~~~~~~~~~~~~
..\src\ArrayEmployees.c:121:13: note: declared here
  121 | static void imprimirEncabezadoDeTablaEmpleados(int opcion)
      |             ^~~~~~~~~~~~~~~~~~~~~~~~~~~~~~~~~~
..\src\ArrayEmployees.c:545:6: error: too few arguments to function 'imprimirFilaDeEmpleado'
  545 |      imprimirFilaDeEmpleado(list[i]);
      |      ^~~~~~~~~~~~~~~~~~~~~~
..\src\ArrayEmployees.c:140:13: note: declared here
  140 | static void imprimirFilaDeEmpleado(Employee empleado, int opcion)
      |             ^~~~~~~~~~~~~~~~~~~~~~
10:16:23 **** Incremental Build of configuration Debug for project TP_2 ****
Info: Internal Builder is used for build
gcc -O0 -g3 -Wall -c -fmessage-length=0 -o "src\\ComprobarErrores.o" "..\\src\\ComprobarErrores.c" 
gcc -O0 -g3 -Wall -c -fmessage-length=0 -o "src\\ArrayEmployees.o" "..\\src\\ArrayEmployees.c" 
..\src\ArrayEmployees.c:121:13: error: conflicting types for 'imprimirEncabezadoDeTablaEmpleados'
  121 | static void imprimirEncabezadoDeTablaEmpleados(int opcion)
      |             ^~~~~~~~~~~~~~~~~~~~~~~~~~~~~~~~~~
..\src\ArrayEmployees.c:40:13: note: previous declaration of 'imprimirEncabezadoDeTablaEmpleados' was here
   40 | static void imprimirEncabezadoDeTablaEmpleados(void);
      |             ^~~~~~~~~~~~~~~~~~~~~~~~~~~~~~~~~~
..\src\ArrayEmployees.c: In function 'printOneEmployee':
..\src\ArrayEmployees.c:490:5: error: too few arguments to function 'imprimirEncabezadoDeTablaEmpleados'
  490 |     imprimirEncabezadoDeTablaEmpleados();
      |     ^~~~~~~~~~~~~~~~~~~~~~~~~~~~~~~~~~
..\src\ArrayEmployees.c:121:13: note: declared here
  121 | static void imprimirEncabezadoDeTablaEmpleados(int opcion)
      |             ^~~~~~~~~~~~~~~~~~~~~~~~~~~~~~~~~~
..\src\ArrayEmployees.c:491:5: error: too few arguments to function 'imprimirFilaDeEmpleado'
  491 |     imprimirFilaDeEmpleado(listaEmpleados[indiceRecibido]);
      |     ^~~~~~~~~~~~~~~~~~~~~~
..\src\ArrayEmployees.c:140:13: note: declared here
  140 | static void imprimirFilaDeEmpleado(Employee empleado, int opcion)
      |             ^~~~~~~~~~~~~~~~~~~~~~
10:17:37 **** Incremental Build of configuration Debug for project TP_2 ****
Info: Internal Builder is used for build
gcc -O0 -g3 -Wall -c -fmessage-length=0 -o "src\\ArrayEmployees.o" "..\\src\\ArrayEmployees.c" 
gcc -o TP_2.exe "src\\ArrayEmployees.o" "src\\ComprobarErrores.o" "src\\Inputs.o" "src\\Menus.o" "src\\TP_2.o" 
c:/mingw/bin/../lib/gcc/mingw32/9.2.0/../../../../mingw32/bin/ld.exe: cannot open output file TP_2.exe: Permission denied
collect2.exe: error: ld returned 1 exit status
10:17:43 **** Incremental Build of configuration Debug for project TP_2 ****
Info: Internal Builder is used for build
gcc -o TP_2.exe "src\\ArrayEmployees.o" "src\\ComprobarErrores.o" "src\\Inputs.o" "src\\Menus.o" "src\\TP_2.o" 
10:23:52 **** Incremental Build of configuration Debug for project TP_2 ****
Info: Internal Builder is used for build
gcc -O0 -g3 -Wall -c -fmessage-length=0 -o "src\\ArrayEmployees.o" "..\\src\\ArrayEmployees.c" 
..\src\ArrayEmployees.c: In function 'imprimirIdsDisponibles':
..\src\ArrayEmployees.c:522:29: error: incompatible type for argument 1 of 'imprimirFilaDeEmpleado'
  522 |      imprimirFilaDeEmpleado(listaEmpleados, MOSTRAR_ID_NOMBRE_EMPLEADOS_DISPONIBLES);
      |                             ^~~~~~~~~~~~~~
      |                             |
      |                             Employee * {aka struct <anonymous> *}
..\src\ArrayEmployees.c:141:45: note: expected 'Employee' {aka 'struct <anonymous>'} but argument is of type 'Employee *' {aka 'struct <anonymous> *'}
  141 | static void imprimirFilaDeEmpleado(Employee empleado, int opcion)
      |                                    ~~~~~~~~~^~~~~~~~
10:23:55 **** Incremental Build of configuration Debug for project TP_2 ****
Info: Internal Builder is used for build
gcc -O0 -g3 -Wall -c -fmessage-length=0 -o "src\\ArrayEmployees.o" "..\\src\\ArrayEmployees.c" 
..\src\ArrayEmployees.c: In function 'imprimirIdsDisponibles':
..\src\ArrayEmployees.c:522:29: error: incompatible type for argument 1 of 'imprimirFilaDeEmpleado'
  522 |      imprimirFilaDeEmpleado(listaEmpleados, MOSTRAR_ID_NOMBRE_EMPLEADOS_DISPONIBLES);
      |                             ^~~~~~~~~~~~~~
      |                             |
      |                             Employee * {aka struct <anonymous> *}
..\src\ArrayEmployees.c:141:45: note: expected 'Employee' {aka 'struct <anonymous>'} but argument is of type 'Employee *' {aka 'struct <anonymous> *'}
  141 | static void imprimirFilaDeEmpleado(Employee empleado, int opcion)
      |                                    ~~~~~~~~~^~~~~~~~
10:24:26 **** Incremental Build of configuration Debug for project TP_2 ****
Info: Internal Builder is used for build
gcc -O0 -g3 -Wall -c -fmessage-length=0 -o "src\\ArrayEmployees.o" "..\\src\\ArrayEmployees.c" 
gcc -o TP_2.exe "src\\ArrayEmployees.o" "src\\ComprobarErrores.o" "src\\Inputs.o" "src\\Menus.o" "src\\TP_2.o" 
Info: Nothing to build for TP_2
10:34:44 **** Incremental Build of configuration Debug for project TP_2 ****
Info: Internal Builder is used for build
gcc -O0 -g3 -Wall -c -fmessage-length=0 -o "src\\TP_2.o" "..\\src\\TP_2.c" 
gcc -O0 -g3 -Wall -c -fmessage-length=0 -o "src\\ArrayEmployees.o" "..\\src\\ArrayEmployees.c" 
gcc -O0 -g3 -Wall -c -fmessage-length=0 -o "src\\Menus.o" "..\\src\\Menus.c" 
gcc -o TP_2.exe "src\\ArrayEmployees.o" "src\\ComprobarErrores.o" "src\\Inputs.o" "src\\Menus.o" "src\\TP_2.o" 
c:/mingw/bin/../lib/gcc/mingw32/9.2.0/../../../../mingw32/bin/ld.exe: cannot open output file TP_2.exe: Permission denied
collect2.exe: error: ld returned 1 exit status
10:34:53 **** Incremental Build of configuration Debug for project TP_2 ****
Info: Internal Builder is used for build
gcc -o TP_2.exe "src\\ArrayEmployees.o" "src\\ComprobarErrores.o" "src\\Inputs.o" "src\\Menus.o" "src\\TP_2.o" 
10:37:54 **** Incremental Build of configuration Debug for project TP_2 ****
Info: Internal Builder is used for build
gcc -O0 -g3 -Wall -c -fmessage-length=0 -o "src\\Menus.o" "..\\src\\Menus.c" 
gcc -o TP_2.exe "src\\ArrayEmployees.o" "src\\ComprobarErrores.o" "src\\Inputs.o" "src\\Menus.o" "src\\TP_2.o" 
c:/mingw/bin/../lib/gcc/mingw32/9.2.0/../../../../mingw32/bin/ld.exe: cannot open output file TP_2.exe: Permission denied
collect2.exe: error: ld returned 1 exit status
10:37:55 **** Incremental Build of configuration Debug for project TP_2 ****
Info: Internal Builder is used for build
gcc -o TP_2.exe "src\\ArrayEmployees.o" "src\\ComprobarErrores.o" "src\\Inputs.o" "src\\Menus.o" "src\\TP_2.o" 
10:41:07 **** Incremental Build of configuration Debug for project TP_2 ****
Info: Internal Builder is used for build
gcc -O0 -g3 -Wall -c -fmessage-length=0 -o "src\\Menus.o" "..\\src\\Menus.c" 
gcc -O0 -g3 -Wall -c -fmessage-length=0 -o "src\\ArrayEmployees.o" "..\\src\\ArrayEmployees.c" 
gcc -o TP_2.exe "src\\ArrayEmployees.o" "src\\ComprobarErrores.o" "src\\Inputs.o" "src\\Menus.o" "src\\TP_2.o" 
c:/mingw/bin/../lib/gcc/mingw32/9.2.0/../../../../mingw32/bin/ld.exe: cannot open output file TP_2.exe: Permission denied
collect2.exe: error: ld returned 1 exit status
10:57:03 **** Incremental Build of configuration Debug for project TP_2 ****
Info: Internal Builder is used for build
gcc -o TP_2.exe "src\\ArrayEmployees.o" "src\\ComprobarErrores.o" "src\\Inputs.o" "src\\Menus.o" "src\\TP_2.o" 
Info: Nothing to build for TP_2
Info: Nothing to build for TP_2
Info: Nothing to build for TP_2
11:27:00 **** Incremental Build of configuration Debug for project TP_2 ****
Info: Internal Builder is used for build
gcc -O0 -g3 -Wall -c -fmessage-length=0 -o "src\\Menus.o" "..\\src\\Menus.c" 
..\src\Menus.c: In function 'operarMenuModificacion':
..\src\Menus.c:161:25: warning: implicit declaration of function 'printOneEmployee'; did you mean 'printEmployees'? [-Wimplicit-function-declaration]
  161 |       estadoOperacion = printOneEmployee(listaEmpleados, TAM_LISTA_EMPLEADOS, idIngresado);
      |                         ^~~~~~~~~~~~~~~~
      |                         printEmployees
gcc -O0 -g3 -Wall -c -fmessage-length=0 -o "src\\ArrayEmployees.o" "..\\src\\ArrayEmployees.c" 
gcc -O0 -g3 -Wall -c -fmessage-length=0 -o "src\\TP_2.o" "..\\src\\TP_2.c" 
gcc -o TP_2.exe "src\\ArrayEmployees.o" "src\\ComprobarErrores.o" "src\\Inputs.o" "src\\Menus.o" "src\\TP_2.o" 
c:/mingw/bin/../lib/gcc/mingw32/9.2.0/../../../../mingw32/bin/ld.exe: cannot open output file TP_2.exe: Permission denied
collect2.exe: error: ld returned 1 exit status
11:27:08 **** Incremental Build of configuration Debug for project TP_2 ****
Info: Internal Builder is used for build
gcc -o TP_2.exe "src\\ArrayEmployees.o" "src\\ComprobarErrores.o" "src\\Inputs.o" "src\\Menus.o" "src\\TP_2.o" 
Info: Nothing to build for TP_2
Info: Nothing to build for TP_2
11:33:04 **** Incremental Build of configuration Debug for project TP_2 ****
Info: Internal Builder is used for build
gcc -O0 -g3 -Wall -c -fmessage-length=0 -o "src\\ArrayEmployees.o" "..\\src\\ArrayEmployees.c" 
gcc -O0 -g3 -Wall -c -fmessage-length=0 -o "src\\Menus.o" "..\\src\\Menus.c" 
..\src\Menus.c: In function 'operarMenuModificacion':
..\src\Menus.c:162:42: error: incompatible type for argument 1 of 'printOneEmployee'
  162 |       estadoOperacion = printOneEmployee(listaEmpleados, TAM_LISTA_EMPLEADOS, idIngresado);
      |                                          ^~~~~~~~~~~~~~
      |                                          |
      |                                          Employee * {aka struct <anonymous> *}
In file included from ..\src\Menus.h:12,
                 from ..\src\Menus.c:8:
..\src\ArrayEmployees.h:36:31: note: expected 'Employee' {aka 'struct <anonymous>'} but argument is of type 'Employee *' {aka 'struct <anonymous> *'}
   36 | int printOneEmployee(Employee empleado);
      |                      ~~~~~~~~~^~~~~~~~
..\src\Menus.c:162:25: error: too many arguments to function 'printOneEmployee'
  162 |       estadoOperacion = printOneEmployee(listaEmpleados, TAM_LISTA_EMPLEADOS, idIngresado);
      |                         ^~~~~~~~~~~~~~~~
In file included from ..\src\Menus.h:12,
                 from ..\src\Menus.c:8:
..\src\ArrayEmployees.h:36:5: note: declared here
   36 | int printOneEmployee(Employee empleado);
      |     ^~~~~~~~~~~~~~~~
..\src\Menus.c:176:46: error: incompatible type for argument 1 of 'printOneEmployee'
  176 |           estadoOperacion = printOneEmployee(listaEmpleados, TAM_LISTA_EMPLEADOS, idIngresado);
      |                                              ^~~~~~~~~~~~~~
      |                                              |
      |                                              Employee * {aka struct <anonymous> *}
In file included from ..\src\Menus.h:12,
                 from ..\src\Menus.c:8:
..\src\ArrayEmployees.h:36:31: note: expected 'Employee' {aka 'struct <anonymous>'} but argument is of type 'Employee *' {aka 'struct <anonymous> *'}
   36 | int printOneEmployee(Employee empleado);
      |                      ~~~~~~~~~^~~~~~~~
..\src\Menus.c:176:29: error: too many arguments to function 'printOneEmployee'
  176 |           estadoOperacion = printOneEmployee(listaEmpleados, TAM_LISTA_EMPLEADOS, idIngresado);
      |                             ^~~~~~~~~~~~~~~~
In file included from ..\src\Menus.h:12,
                 from ..\src\Menus.c:8:
..\src\ArrayEmployees.h:36:5: note: declared here
   36 | int printOneEmployee(Employee empleado);
      |     ^~~~~~~~~~~~~~~~
..\src\Menus.c:135:11: warning: unused variable 'auxiliar' [-Wunused-variable]
  135 |  Employee auxiliar;
      |           ^~~~~~~~
..\src\Menus.c: In function 'operarMenuBajas':
..\src\Menus.c:244:41: error: incompatible type for argument 1 of 'printOneEmployee'
  244 |      estadoOperacion = printOneEmployee(listaEmpleados, TAM_LISTA_EMPLEADOS, idIngresado);
      |                                         ^~~~~~~~~~~~~~
      |                                         |
      |                                         Employee * {aka struct <anonymous> *}
In file included from ..\src\Menus.h:12,
                 from ..\src\Menus.c:8:
..\src\ArrayEmployees.h:36:31: note: expected 'Employee' {aka 'struct <anonymous>'} but argument is of type 'Employee *' {aka 'struct <anonymous> *'}
   36 | int printOneEmployee(Employee empleado);
      |                      ~~~~~~~~~^~~~~~~~
..\src\Menus.c:244:24: error: too many arguments to function 'printOneEmployee'
  244 |      estadoOperacion = printOneEmployee(listaEmpleados, TAM_LISTA_EMPLEADOS, idIngresado);
      |                        ^~~~~~~~~~~~~~~~
In file included from ..\src\Menus.h:12,
                 from ..\src\Menus.c:8:
..\src\ArrayEmployees.h:36:5: note: declared here
   36 | int printOneEmployee(Employee empleado);
      |     ^~~~~~~~~~~~~~~~
11:40:49 **** Incremental Build of configuration Debug for project TP_2 ****
Info: Internal Builder is used for build
gcc -O0 -g3 -Wall -c -fmessage-length=0 -o "src\\TP_2.o" "..\\src\\TP_2.c" 
gcc -O0 -g3 -Wall -c -fmessage-length=0 -o "src\\Menus.o" "..\\src\\Menus.c" 
..\src\Menus.c: In function 'operarMenuBajas':
..\src\Menus.c:248:41: error: incompatible type for argument 1 of 'printOneEmployee'
  248 |      estadoOperacion = printOneEmployee(listaEmpleados, TAM_LISTA_EMPLEADOS, idIngresado);
      |                                         ^~~~~~~~~~~~~~
      |                                         |
      |                                         Employee * {aka struct <anonymous> *}
In file included from ..\src\Menus.h:12,
                 from ..\src\Menus.c:8:
..\src\ArrayEmployees.h:36:31: note: expected 'Employee' {aka 'struct <anonymous>'} but argument is of type 'Employee *' {aka 'struct <anonymous> *'}
   36 | int printOneEmployee(Employee empleado);
      |                      ~~~~~~~~~^~~~~~~~
..\src\Menus.c:248:24: error: too many arguments to function 'printOneEmployee'
  248 |      estadoOperacion = printOneEmployee(listaEmpleados, TAM_LISTA_EMPLEADOS, idIngresado);
      |                        ^~~~~~~~~~~~~~~~
In file included from ..\src\Menus.h:12,
                 from ..\src\Menus.c:8:
..\src\ArrayEmployees.h:36:5: note: declared here
   36 | int printOneEmployee(Employee empleado);
      |     ^~~~~~~~~~~~~~~~
11:47:22 **** Incremental Build of configuration Debug for project TP_2 ****
Info: Internal Builder is used for build
gcc -O0 -g3 -Wall -c -fmessage-length=0 -o "src\\Menus.o" "..\\src\\Menus.c" 
gcc -o TP_2.exe "src\\ArrayEmployees.o" "src\\ComprobarErrores.o" "src\\Inputs.o" "src\\Menus.o" "src\\TP_2.o" 
c:/mingw/bin/../lib/gcc/mingw32/9.2.0/../../../../mingw32/bin/ld.exe: cannot open output file TP_2.exe: Permission denied
collect2.exe: error: ld returned 1 exit status
11:52:43 **** Incremental Build of configuration Debug for project TP_2 ****
Info: Internal Builder is used for build
gcc -O0 -g3 -Wall -c -fmessage-length=0 -o "src\\ArrayEmployees.o" "..\\src\\ArrayEmployees.c" 
..\src\ArrayEmployees.c:376:5: error: conflicting types for 'modificarEmpleado'
  376 | int modificarEmpleado(Employee* empleado, int opcion)
      |     ^~~~~~~~~~~~~~~~~
In file included from ..\src\ArrayEmployees.c:9:
..\src\ArrayEmployees.h:43:5: note: previous declaration of 'modificarEmpleado' was here
   43 | int modificarEmpleado(Employee listaEmpleados[], int len, int id, int opcion);
      |     ^~~~~~~~~~~~~~~~~
..\src\ArrayEmployees.c: In function 'modificarEmpleado':
..\src\ArrayEmployees.c:391:51: error: 'listaEmpleados' undeclared (first use in this function); did you mean 'swapEmpleados'?
  391 |     strncpy(empleado->name, auxiliar.name, sizeof(listaEmpleados[indice].name));
      |                                                   ^~~~~~~~~~~~~~
      |                                                   swapEmpleados
..\src\ArrayEmployees.c:391:51: note: each undeclared identifier is reported only once for each function it appears in
..\src\ArrayEmployees.c:400:5: error: invalid type argument of unary '*' (have 'int')
  400 |     *empleado->sector = auxiliar.sector;
      |     ^~~~~~~~~~~~~~~~~
..\src\ArrayEmployees.c:380:6: warning: variable 'indice' set but not used [-Wunused-but-set-variable]
  380 |  int indice;
      |      ^~~~~~
11:53:25 **** Incremental Build of configuration Debug for project TP_2 ****
Info: Internal Builder is used for build
gcc -O0 -g3 -Wall -c -fmessage-length=0 -o "src\\ArrayEmployees.o" "..\\src\\ArrayEmployees.c" 
..\src\ArrayEmployees.c:376:5: error: conflicting types for 'modificarEmpleado'
  376 | int modificarEmpleado(Employee* empleado, int opcion)
      |     ^~~~~~~~~~~~~~~~~
In file included from ..\src\ArrayEmployees.c:9:
..\src\ArrayEmployees.h:43:5: note: previous declaration of 'modificarEmpleado' was here
   43 | int modificarEmpleado(Employee listaEmpleados[], int len, int id, int opcion);
      |     ^~~~~~~~~~~~~~~~~
..\src\ArrayEmployees.c: In function 'modificarEmpleado':
..\src\ArrayEmployees.c:380:6: warning: unused variable 'indice' [-Wunused-variable]
  380 |  int indice;
      |      ^~~~~~
11:58:50 **** Incremental Build of configuration Debug for project TP_2 ****
Info: Internal Builder is used for build
gcc -O0 -g3 -Wall -c -fmessage-length=0 -o "src\\ArrayEmployees.o" "..\\src\\ArrayEmployees.c" 
..\src\ArrayEmployees.c: In function 'modificarEmpleado':
..\src\ArrayEmployees.c:380:6: warning: unused variable 'indice' [-Wunused-variable]
  380 |  int indice;
      |      ^~~~~~
gcc -O0 -g3 -Wall -c -fmessage-length=0 -o "src\\Menus.o" "..\\src\\Menus.c" 
gcc -O0 -g3 -Wall -c -fmessage-length=0 -o "src\\TP_2.o" "..\\src\\TP_2.c" 
gcc -o TP_2.exe "src\\ArrayEmployees.o" "src\\ComprobarErrores.o" "src\\Inputs.o" "src\\Menus.o" "src\\TP_2.o" 
c:/mingw/bin/../lib/gcc/mingw32/9.2.0/../../../../mingw32/bin/ld.exe: cannot open output file TP_2.exe: Permission denied
collect2.exe: error: ld returned 1 exit status
11:59:11 **** Incremental Build of configuration Debug for project TP_2 ****
Info: Internal Builder is used for build
gcc -O0 -g3 -Wall -c -fmessage-length=0 -o "src\\ArrayEmployees.o" "..\\src\\ArrayEmployees.c" 
gcc -o TP_2.exe "src\\ArrayEmployees.o" "src\\ComprobarErrores.o" "src\\Inputs.o" "src\\Menus.o" "src\\TP_2.o" 
c:/mingw/bin/../lib/gcc/mingw32/9.2.0/../../../../mingw32/bin/ld.exe: cannot open output file TP_2.exe: Permission denied
collect2.exe: error: ld returned 1 exit status
11:59:15 **** Incremental Build of configuration Debug for project TP_2 ****
Info: Internal Builder is used for build
gcc -o TP_2.exe "src\\ArrayEmployees.o" "src\\ComprobarErrores.o" "src\\Inputs.o" "src\\Menus.o" "src\\TP_2.o" 
Info: Nothing to build for TP_2
13:12:53 **** Incremental Build of configuration Debug for project TP_2 ****
Info: Internal Builder is used for build
gcc -O0 -g3 -Wall -c -fmessage-length=0 -o "src\\ArrayEmployees.o" "..\\src\\ArrayEmployees.c" 
gcc -O0 -g3 -Wall -c -fmessage-length=0 -o "src\\Menus.o" "..\\src\\Menus.c" 
gcc -o TP_2.exe "src\\ArrayEmployees.o" "src\\ComprobarErrores.o" "src\\Inputs.o" "src\\Menus.o" "src\\TP_2.o" 
Info: Nothing to build for TP_2
Info: Nothing to build for TP_2
Info: Nothing to build for TP_2
13:33:14 **** Incremental Build of configuration Debug for project TP_2 ****
Info: Internal Builder is used for build
gcc -O0 -g3 -Wall -c -fmessage-length=0 -o "src\\Inputs.o" "..\\src\\Inputs.c" 
gcc -o TP_2.exe "src\\ArrayEmployees.o" "src\\ComprobarErrores.o" "src\\Inputs.o" "src\\Menus.o" "src\\TP_2.o" 
c:/mingw/bin/../lib/gcc/mingw32/9.2.0/../../../../mingw32/bin/ld.exe: cannot open output file TP_2.exe: Permission denied
collect2.exe: error: ld returned 1 exit status
13:33:20 **** Incremental Build of configuration Debug for project TP_2 ****
Info: Internal Builder is used for build
gcc -o TP_2.exe "src\\ArrayEmployees.o" "src\\ComprobarErrores.o" "src\\Inputs.o" "src\\Menus.o" "src\\TP_2.o" 
13:34:30 **** Incremental Build of configuration Debug for project TP_2 ****
Info: Internal Builder is used for build
gcc -O0 -g3 -Wall -c -fmessage-length=0 -o "src\\TP_2.o" "..\\src\\TP_2.c" 
gcc -O0 -g3 -Wall -c -fmessage-length=0 -o "src\\Menus.o" "..\\src\\Menus.c" 
gcc -o TP_2.exe "src\\ArrayEmployees.o" "src\\ComprobarErrores.o" "src\\Inputs.o" "src\\Menus.o" "src\\TP_2.o" 
13:44:22 **** Incremental Build of configuration Debug for project TP_2 ****
Info: Internal Builder is used for build
gcc -O0 -g3 -Wall -c -fmessage-length=0 -o "src\\ArrayEmployees.o" "..\\src\\ArrayEmployees.c" 
gcc -O0 -g3 -Wall -c -fmessage-length=0 -o "src\\TP_2.o" "..\\src\\TP_2.c" 
gcc -O0 -g3 -Wall -c -fmessage-length=0 -o "src\\Menus.o" "..\\src\\Menus.c" 
gcc -o TP_2.exe "src\\ArrayEmployees.o" "src\\ComprobarErrores.o" "src\\Inputs.o" "src\\Menus.o" "src\\TP_2.o" 
Info: Nothing to build for TP_2
Info: Nothing to build for TP_2
Info: Nothing to build for TP_2
13:50:11 **** Incremental Build of configuration Debug for project TP_2 ****
Info: Internal Builder is used for build
gcc -O0 -g3 -Wall -c -fmessage-length=0 -o "src\\TP_2.o" "..\\src\\TP_2.c" 
gcc -o TP_2.exe "src\\ArrayEmployees.o" "src\\ComprobarErrores.o" "src\\Inputs.o" "src\\Menus.o" "src\\TP_2.o" 
13:50:52 **** Incremental Build of configuration Debug for project TP_2 ****
Info: Internal Builder is used for build
gcc -O0 -g3 -Wall -c -fmessage-length=0 -o "src\\TP_2.o" "..\\src\\TP_2.c" 
gcc -o TP_2.exe "src\\ArrayEmployees.o" "src\\ComprobarErrores.o" "src\\Inputs.o" "src\\Menus.o" "src\\TP_2.o" 
Info: Nothing to build for TP_2
Info: Nothing to build for TP_2
13:54:23 **** Incremental Build of configuration Debug for project TP_2 ****
Info: Internal Builder is used for build
gcc -O0 -g3 -Wall -c -fmessage-length=0 -o "src\\TP_2.o" "..\\src\\TP_2.c" 
gcc -o TP_2.exe "src\\ArrayEmployees.o" "src\\ComprobarErrores.o" "src\\Inputs.o" "src\\Menus.o" "src\\TP_2.o" 
Info: Nothing to build for TP_2
