15:16:18 **** Rebuild of configuration Debug for project TP_2 ****
Info: Internal Builder is used for build
gcc -O0 -g3 -Wall -c -fmessage-length=0 -o "src\\TP_2.o" "..\\src\\TP_2.c" 
gcc -O0 -g3 -Wall -c -fmessage-length=0 -o "src\\Menus.o" "..\\src\\Menus.c" 
gcc -O0 -g3 -Wall -c -fmessage-length=0 -o "src\\ComprobarErrores.o" "..\\src\\ComprobarErrores.c" 
gcc -O0 -g3 -Wall -c -fmessage-length=0 -o "src\\ArrayEmployees.o" "..\\src\\ArrayEmployees.c" 
gcc -O0 -g3 -Wall -c -fmessage-length=0 -o "src\\Inputs.o" "..\\src\\Inputs.c" 
gcc -o TP_2.exe "src\\ArrayEmployees.o" "src\\ComprobarErrores.o" "src\\Inputs.o" "src\\Menus.o" "src\\TP_2.o" 
Info: Nothing to build for TP_2
Info: Nothing to build for TP_2
Info: Nothing to build for TP_2
15:22:59 **** Incremental Build of configuration Debug for project TP_2 ****
Info: Internal Builder is used for build
gcc -O0 -g3 -Wall -c -fmessage-length=0 -o "src\\TP_2.o" "..\\src\\TP_2.c" 
gcc -o TP_2.exe "src\\ArrayEmployees.o" "src\\ComprobarErrores.o" "src\\Inputs.o" "src\\Menus.o" "src\\TP_2.o" 
15:23:41 **** Incremental Build of configuration Debug for project TP_2 ****
Info: Internal Builder is used for build
gcc -O0 -g3 -Wall -c -fmessage-length=0 -o "src\\TP_2.o" "..\\src\\TP_2.c" 
gcc -o TP_2.exe "src\\ArrayEmployees.o" "src\\ComprobarErrores.o" "src\\Inputs.o" "src\\Menus.o" "src\\TP_2.o" 
Info: Nothing to build for TP_2
08:47:57 **** Incremental Build of configuration Debug for project TP_2 ****
Info: Internal Builder is used for build
gcc -O0 -g3 -Wall -c -fmessage-length=0 -o "src\\Inputs.o" "..\\src\\Inputs.c" 
gcc -o TP_2.exe "src\\ArrayEmployees.o" "src\\ComprobarErrores.o" "src\\Inputs.o" "src\\Menus.o" "src\\TP_2.o" 
09:23:12 **** Incremental Build of configuration Debug for project TP_2 ****
Info: Internal Builder is used for build
gcc -O0 -g3 -Wall -c -fmessage-length=0 -o "src\\Menus.o" "..\\src\\Menus.c" 
gcc -O0 -g3 -Wall -c -fmessage-length=0 -o "src\\ArrayEmployees.o" "..\\src\\ArrayEmployees.c" 
..\src\ArrayEmployees.c: In function 'addEmployees':
..\src\ArrayEmployees.c:170:10: warning: 'i' may be used uninitialized in this function [-Wmaybe-uninitialized]
  170 |      list[i].id = id;
      |          ^
gcc -O0 -g3 -Wall -c -fmessage-length=0 -o "src\\ComprobarErrores.o" "..\\src\\ComprobarErrores.c" 
gcc -O0 -g3 -Wall -c -fmessage-length=0 -o "src\\TP_2.o" "..\\src\\TP_2.c" 
gcc -o TP_2.exe "src\\ArrayEmployees.o" "src\\ComprobarErrores.o" "src\\Inputs.o" "src\\Menus.o" "src\\TP_2.o" 
09:23:25 **** Incremental Build of configuration Debug for project TP_2 ****
Info: Internal Builder is used for build
gcc -O0 -g3 -Wall -c -fmessage-length=0 -o "src\\TP_2.o" "..\\src\\TP_2.c" 
gcc -o TP_2.exe "src\\ArrayEmployees.o" "src\\ComprobarErrores.o" "src\\Inputs.o" "src\\Menus.o" "src\\TP_2.o" 
09:24:23 **** Incremental Build of configuration Debug for project TP_2 ****
Info: Internal Builder is used for build
gcc -O0 -g3 -Wall -c -fmessage-length=0 -o "src\\TP_2.o" "..\\src\\TP_2.c" 
gcc -o TP_2.exe "src\\ArrayEmployees.o" "src\\ComprobarErrores.o" "src\\Inputs.o" "src\\Menus.o" "src\\TP_2.o" 
09:27:08 **** Incremental Build of configuration Debug for project TP_2 ****
Info: Internal Builder is used for build
gcc -O0 -g3 -Wall -c -fmessage-length=0 -o "src\\TP_2.o" "..\\src\\TP_2.c" 
gcc -O0 -g3 -Wall -c -fmessage-length=0 -o "src\\ArrayEmployees.o" "..\\src\\ArrayEmployees.c" 
..\src\ArrayEmployees.c: In function 'addEmployees':
..\src\ArrayEmployees.c:170:10: warning: 'i' may be used uninitialized in this function [-Wmaybe-uninitialized]
  170 |      list[i].id = id;
      |          ^
gcc -o TP_2.exe "src\\ArrayEmployees.o" "src\\ComprobarErrores.o" "src\\Inputs.o" "src\\Menus.o" "src\\TP_2.o" 
09:35:29 **** Incremental Build of configuration Debug for project TP_2 ****
Info: Internal Builder is used for build
gcc -O0 -g3 -Wall -c -fmessage-length=0 -o "src\\ArrayEmployees.o" "..\\src\\ArrayEmployees.c" 
..\src\ArrayEmployees.c: In function 'addEmployees':
..\src\ArrayEmployees.c:172:56: error: 'i' undeclared (first use in this function); did you mean 'id'?
  172 |      strncpy(list[indiceLibre].name, name, sizeof(list[i].name));
      |                                                        ^
      |                                                        id
..\src\ArrayEmployees.c:172:56: note: each undeclared identifier is reported only once for each function it appears in
09:36:14 **** Incremental Build of configuration Debug for project TP_2 ****
Info: Internal Builder is used for build
gcc -O0 -g3 -Wall -c -fmessage-length=0 -o "src\\ArrayEmployees.o" "..\\src\\ArrayEmployees.c" 
gcc -o TP_2.exe "src\\ArrayEmployees.o" "src\\ComprobarErrores.o" "src\\Inputs.o" "src\\Menus.o" "src\\TP_2.o" 
c:/mingw/bin/../lib/gcc/mingw32/9.2.0/../../../../mingw32/bin/ld.exe: cannot open output file TP_2.exe: Permission denied
collect2.exe: error: ld returned 1 exit status
09:36:18 **** Incremental Build of configuration Debug for project TP_2 ****
Info: Internal Builder is used for build
gcc -o TP_2.exe "src\\ArrayEmployees.o" "src\\ComprobarErrores.o" "src\\Inputs.o" "src\\Menus.o" "src\\TP_2.o" 
Info: Nothing to build for TP_2
Info: Nothing to build for TP_2
Info: Nothing to build for TP_2
Info: Nothing to build for TP_2
Info: Nothing to build for TP_2
Info: Nothing to build for TP_2
Info: Nothing to build for TP_2
09:41:20 **** Incremental Build of configuration Debug for project TP_2 ****
Info: Internal Builder is used for build
gcc -O0 -g3 -Wall -c -fmessage-length=0 -o "src\\TP_2.o" "..\\src\\TP_2.c" 
gcc -o TP_2.exe "src\\ArrayEmployees.o" "src\\ComprobarErrores.o" "src\\Inputs.o" "src\\Menus.o" "src\\TP_2.o" 
09:42:38 **** Incremental Build of configuration Debug for project TP_2 ****
Info: Internal Builder is used for build
gcc -O0 -g3 -Wall -c -fmessage-length=0 -o "src\\TP_2.o" "..\\src\\TP_2.c" 
gcc -o TP_2.exe "src\\ArrayEmployees.o" "src\\ComprobarErrores.o" "src\\Inputs.o" "src\\Menus.o" "src\\TP_2.o" 
c:/mingw/bin/../lib/gcc/mingw32/9.2.0/../../../../mingw32/bin/ld.exe: cannot open output file TP_2.exe: Permission denied
collect2.exe: error: ld returned 1 exit status
09:42:40 **** Incremental Build of configuration Debug for project TP_2 ****
Info: Internal Builder is used for build
gcc -o TP_2.exe "src\\ArrayEmployees.o" "src\\ComprobarErrores.o" "src\\Inputs.o" "src\\Menus.o" "src\\TP_2.o" 
09:44:25 **** Incremental Build of configuration Debug for project TP_2 ****
Info: Internal Builder is used for build
gcc -O0 -g3 -Wall -c -fmessage-length=0 -o "src\\Menus.o" "..\\src\\Menus.c" 
gcc -O0 -g3 -Wall -c -fmessage-length=0 -o "src\\TP_2.o" "..\\src\\TP_2.c" 
gcc -O0 -g3 -Wall -c -fmessage-length=0 -o "src\\ArrayEmployees.o" "..\\src\\ArrayEmployees.c" 
gcc -o TP_2.exe "src\\ArrayEmployees.o" "src\\ComprobarErrores.o" "src\\Inputs.o" "src\\Menus.o" "src\\TP_2.o" 
09:45:36 **** Incremental Build of configuration Debug for project TP_2 ****
Info: Internal Builder is used for build
gcc -O0 -g3 -Wall -c -fmessage-length=0 -o "src\\TP_2.o" "..\\src\\TP_2.c" 
gcc -O0 -g3 -Wall -c -fmessage-length=0 -o "src\\ArrayEmployees.o" "..\\src\\ArrayEmployees.c" 
gcc -O0 -g3 -Wall -c -fmessage-length=0 -o "src\\Menus.o" "..\\src\\Menus.c" 
gcc -o TP_2.exe "src\\ArrayEmployees.o" "src\\ComprobarErrores.o" "src\\Inputs.o" "src\\Menus.o" "src\\TP_2.o" 
09:53:41 **** Incremental Build of configuration Debug for project TP_2 ****
Info: Internal Builder is used for build
gcc -O0 -g3 -Wall -c -fmessage-length=0 -o "src\\Menus.o" "..\\src\\Menus.c" 
gcc -O0 -g3 -Wall -c -fmessage-length=0 -o "src\\TP_2.o" "..\\src\\TP_2.c" 
gcc -O0 -g3 -Wall -c -fmessage-length=0 -o "src\\ArrayEmployees.o" "..\\src\\ArrayEmployees.c" 
gcc -o TP_2.exe "src\\ArrayEmployees.o" "src\\ComprobarErrores.o" "src\\Inputs.o" "src\\Menus.o" "src\\TP_2.o" 
c:/mingw/bin/../lib/gcc/mingw32/9.2.0/../../../../mingw32/bin/ld.exe: cannot open output file TP_2.exe: Permission denied
collect2.exe: error: ld returned 1 exit status
09:53:58 **** Incremental Build of configuration Debug for project TP_2 ****
Info: Internal Builder is used for build
gcc -o TP_2.exe "src\\ArrayEmployees.o" "src\\ComprobarErrores.o" "src\\Inputs.o" "src\\Menus.o" "src\\TP_2.o" 
09:55:54 **** Incremental Build of configuration Debug for project TP_2 ****
Info: Internal Builder is used for build
gcc -O0 -g3 -Wall -c -fmessage-length=0 -o "src\\ArrayEmployees.o" "..\\src\\ArrayEmployees.c" 
gcc -o TP_2.exe "src\\ArrayEmployees.o" "src\\ComprobarErrores.o" "src\\Inputs.o" "src\\Menus.o" "src\\TP_2.o" 
c:/mingw/bin/../lib/gcc/mingw32/9.2.0/../../../../mingw32/bin/ld.exe: cannot open output file TP_2.exe: Permission denied
collect2.exe: error: ld returned 1 exit status
09:55:56 **** Incremental Build of configuration Debug for project TP_2 ****
Info: Internal Builder is used for build
gcc -o TP_2.exe "src\\ArrayEmployees.o" "src\\ComprobarErrores.o" "src\\Inputs.o" "src\\Menus.o" "src\\TP_2.o" 
09:56:12 **** Incremental Build of configuration Debug for project TP_2 ****
Info: Internal Builder is used for build
gcc -O0 -g3 -Wall -c -fmessage-length=0 -o "src\\ArrayEmployees.o" "..\\src\\ArrayEmployees.c" 
gcc -o TP_2.exe "src\\ArrayEmployees.o" "src\\ComprobarErrores.o" "src\\Inputs.o" "src\\Menus.o" "src\\TP_2.o" 
c:/mingw/bin/../lib/gcc/mingw32/9.2.0/../../../../mingw32/bin/ld.exe: cannot open output file TP_2.exe: Permission denied
collect2.exe: error: ld returned 1 exit status
10:15:35 **** Incremental Build of configuration Debug for project TP_2 ****
Info: Internal Builder is used for build
gcc -O0 -g3 -Wall -c -fmessage-length=0 -o "src\\ArrayEmployees.o" "..\\src\\ArrayEmployees.c" 
..\src\ArrayEmployees.c:121:13: error: conflicting types for 'imprimirEncabezadoDeTablaEmpleados'
  121 | static void imprimirEncabezadoDeTablaEmpleados(int opcion)
      |             ^~~~~~~~~~~~~~~~~~~~~~~~~~~~~~~~~~
..\src\ArrayEmployees.c:40:13: note: previous declaration of 'imprimirEncabezadoDeTablaEmpleados' was here
   40 | static void imprimirEncabezadoDeTablaEmpleados(void);
      |             ^~~~~~~~~~~~~~~~~~~~~~~~~~~~~~~~~~
..\src\ArrayEmployees.c: In function 'printOneEmployee':
..\src\ArrayEmployees.c:490:5: error: too few arguments to function 'imprimirEncabezadoDeTablaEmpleados'
  490 |     imprimirEncabezadoDeTablaEmpleados();
      |     ^~~~~~~~~~~~~~~~~~~~~~~~~~~~~~~~~~
..\src\ArrayEmployees.c:121:13: note: declared here
  121 | static void imprimirEncabezadoDeTablaEmpleados(int opcion)
      |             ^~~~~~~~~~~~~~~~~~~~~~~~~~~~~~~~~~
..\src\ArrayEmployees.c:491:5: error: too few arguments to function 'imprimirFilaDeEmpleado'
  491 |     imprimirFilaDeEmpleado(listaEmpleados[indiceRecibido]);
      |     ^~~~~~~~~~~~~~~~~~~~~~
..\src\ArrayEmployees.c:140:13: note: declared here
  140 | static void imprimirFilaDeEmpleado(Employee empleado, int opcion)
      |             ^~~~~~~~~~~~~~~~~~~~~~
..\src\ArrayEmployees.c: In function 'printEmployees':
..\src\ArrayEmployees.c:540:4: error: too few arguments to function 'imprimirEncabezadoDeTablaEmpleados'
  540 |    imprimirEncabezadoDeTablaEmpleados();
      |    ^~~~~~~~~~~~~~~~~~~~~~~~~~~~~~~~~~
..\src\ArrayEmployees.c:121:13: note: declared here
  121 | static void imprimirEncabezadoDeTablaEmpleados(int opcion)
      |             ^~~~~~~~~~~~~~~~~~~~~~~~~~~~~~~~~~
..\src\ArrayEmployees.c:545:6: error: too few arguments to function 'imprimirFilaDeEmpleado'
  545 |      imprimirFilaDeEmpleado(list[i]);
      |      ^~~~~~~~~~~~~~~~~~~~~~
..\src\ArrayEmployees.c:140:13: note: declared here
  140 | static void imprimirFilaDeEmpleado(Employee empleado, int opcion)
      |             ^~~~~~~~~~~~~~~~~~~~~~
10:16:23 **** Incremental Build of configuration Debug for project TP_2 ****
Info: Internal Builder is used for build
gcc -O0 -g3 -Wall -c -fmessage-length=0 -o "src\\ComprobarErrores.o" "..\\src\\ComprobarErrores.c" 
gcc -O0 -g3 -Wall -c -fmessage-length=0 -o "src\\ArrayEmployees.o" "..\\src\\ArrayEmployees.c" 
..\src\ArrayEmployees.c:121:13: error: conflicting types for 'imprimirEncabezadoDeTablaEmpleados'
  121 | static void imprimirEncabezadoDeTablaEmpleados(int opcion)
      |             ^~~~~~~~~~~~~~~~~~~~~~~~~~~~~~~~~~
..\src\ArrayEmployees.c:40:13: note: previous declaration of 'imprimirEncabezadoDeTablaEmpleados' was here
   40 | static void imprimirEncabezadoDeTablaEmpleados(void);
      |             ^~~~~~~~~~~~~~~~~~~~~~~~~~~~~~~~~~
..\src\ArrayEmployees.c: In function 'printOneEmployee':
..\src\ArrayEmployees.c:490:5: error: too few arguments to function 'imprimirEncabezadoDeTablaEmpleados'
  490 |     imprimirEncabezadoDeTablaEmpleados();
      |     ^~~~~~~~~~~~~~~~~~~~~~~~~~~~~~~~~~
..\src\ArrayEmployees.c:121:13: note: declared here
  121 | static void imprimirEncabezadoDeTablaEmpleados(int opcion)
      |             ^~~~~~~~~~~~~~~~~~~~~~~~~~~~~~~~~~
..\src\ArrayEmployees.c:491:5: error: too few arguments to function 'imprimirFilaDeEmpleado'
  491 |     imprimirFilaDeEmpleado(listaEmpleados[indiceRecibido]);
      |     ^~~~~~~~~~~~~~~~~~~~~~
..\src\ArrayEmployees.c:140:13: note: declared here
  140 | static void imprimirFilaDeEmpleado(Employee empleado, int opcion)
      |             ^~~~~~~~~~~~~~~~~~~~~~
10:17:37 **** Incremental Build of configuration Debug for project TP_2 ****
Info: Internal Builder is used for build
gcc -O0 -g3 -Wall -c -fmessage-length=0 -o "src\\ArrayEmployees.o" "..\\src\\ArrayEmployees.c" 
gcc -o TP_2.exe "src\\ArrayEmployees.o" "src\\ComprobarErrores.o" "src\\Inputs.o" "src\\Menus.o" "src\\TP_2.o" 
c:/mingw/bin/../lib/gcc/mingw32/9.2.0/../../../../mingw32/bin/ld.exe: cannot open output file TP_2.exe: Permission denied
collect2.exe: error: ld returned 1 exit status
10:17:43 **** Incremental Build of configuration Debug for project TP_2 ****
Info: Internal Builder is used for build
gcc -o TP_2.exe "src\\ArrayEmployees.o" "src\\ComprobarErrores.o" "src\\Inputs.o" "src\\Menus.o" "src\\TP_2.o" 
10:23:52 **** Incremental Build of configuration Debug for project TP_2 ****
Info: Internal Builder is used for build
gcc -O0 -g3 -Wall -c -fmessage-length=0 -o "src\\ArrayEmployees.o" "..\\src\\ArrayEmployees.c" 
..\src\ArrayEmployees.c: In function 'imprimirIdsDisponibles':
..\src\ArrayEmployees.c:522:29: error: incompatible type for argument 1 of 'imprimirFilaDeEmpleado'
  522 |      imprimirFilaDeEmpleado(listaEmpleados, MOSTRAR_ID_NOMBRE_EMPLEADOS_DISPONIBLES);
      |                             ^~~~~~~~~~~~~~
      |                             |
      |                             Employee * {aka struct <anonymous> *}
..\src\ArrayEmployees.c:141:45: note: expected 'Employee' {aka 'struct <anonymous>'} but argument is of type 'Employee *' {aka 'struct <anonymous> *'}
  141 | static void imprimirFilaDeEmpleado(Employee empleado, int opcion)
      |                                    ~~~~~~~~~^~~~~~~~
10:23:55 **** Incremental Build of configuration Debug for project TP_2 ****
Info: Internal Builder is used for build
gcc -O0 -g3 -Wall -c -fmessage-length=0 -o "src\\ArrayEmployees.o" "..\\src\\ArrayEmployees.c" 
..\src\ArrayEmployees.c: In function 'imprimirIdsDisponibles':
..\src\ArrayEmployees.c:522:29: error: incompatible type for argument 1 of 'imprimirFilaDeEmpleado'
  522 |      imprimirFilaDeEmpleado(listaEmpleados, MOSTRAR_ID_NOMBRE_EMPLEADOS_DISPONIBLES);
      |                             ^~~~~~~~~~~~~~
      |                             |
      |                             Employee * {aka struct <anonymous> *}
..\src\ArrayEmployees.c:141:45: note: expected 'Employee' {aka 'struct <anonymous>'} but argument is of type 'Employee *' {aka 'struct <anonymous> *'}
  141 | static void imprimirFilaDeEmpleado(Employee empleado, int opcion)
      |                                    ~~~~~~~~~^~~~~~~~
10:24:26 **** Incremental Build of configuration Debug for project TP_2 ****
Info: Internal Builder is used for build
gcc -O0 -g3 -Wall -c -fmessage-length=0 -o "src\\ArrayEmployees.o" "..\\src\\ArrayEmployees.c" 
gcc -o TP_2.exe "src\\ArrayEmployees.o" "src\\ComprobarErrores.o" "src\\Inputs.o" "src\\Menus.o" "src\\TP_2.o" 
Info: Nothing to build for TP_2
10:34:44 **** Incremental Build of configuration Debug for project TP_2 ****
Info: Internal Builder is used for build
gcc -O0 -g3 -Wall -c -fmessage-length=0 -o "src\\TP_2.o" "..\\src\\TP_2.c" 
gcc -O0 -g3 -Wall -c -fmessage-length=0 -o "src\\ArrayEmployees.o" "..\\src\\ArrayEmployees.c" 
gcc -O0 -g3 -Wall -c -fmessage-length=0 -o "src\\Menus.o" "..\\src\\Menus.c" 
gcc -o TP_2.exe "src\\ArrayEmployees.o" "src\\ComprobarErrores.o" "src\\Inputs.o" "src\\Menus.o" "src\\TP_2.o" 
c:/mingw/bin/../lib/gcc/mingw32/9.2.0/../../../../mingw32/bin/ld.exe: cannot open output file TP_2.exe: Permission denied
collect2.exe: error: ld returned 1 exit status
10:34:53 **** Incremental Build of configuration Debug for project TP_2 ****
Info: Internal Builder is used for build
gcc -o TP_2.exe "src\\ArrayEmployees.o" "src\\ComprobarErrores.o" "src\\Inputs.o" "src\\Menus.o" "src\\TP_2.o" 
10:37:54 **** Incremental Build of configuration Debug for project TP_2 ****
Info: Internal Builder is used for build
gcc -O0 -g3 -Wall -c -fmessage-length=0 -o "src\\Menus.o" "..\\src\\Menus.c" 
gcc -o TP_2.exe "src\\ArrayEmployees.o" "src\\ComprobarErrores.o" "src\\Inputs.o" "src\\Menus.o" "src\\TP_2.o" 
c:/mingw/bin/../lib/gcc/mingw32/9.2.0/../../../../mingw32/bin/ld.exe: cannot open output file TP_2.exe: Permission denied
collect2.exe: error: ld returned 1 exit status
10:37:55 **** Incremental Build of configuration Debug for project TP_2 ****
Info: Internal Builder is used for build
gcc -o TP_2.exe "src\\ArrayEmployees.o" "src\\ComprobarErrores.o" "src\\Inputs.o" "src\\Menus.o" "src\\TP_2.o" 
10:41:07 **** Incremental Build of configuration Debug for project TP_2 ****
Info: Internal Builder is used for build
gcc -O0 -g3 -Wall -c -fmessage-length=0 -o "src\\Menus.o" "..\\src\\Menus.c" 
gcc -O0 -g3 -Wall -c -fmessage-length=0 -o "src\\ArrayEmployees.o" "..\\src\\ArrayEmployees.c" 
gcc -o TP_2.exe "src\\ArrayEmployees.o" "src\\ComprobarErrores.o" "src\\Inputs.o" "src\\Menus.o" "src\\TP_2.o" 
c:/mingw/bin/../lib/gcc/mingw32/9.2.0/../../../../mingw32/bin/ld.exe: cannot open output file TP_2.exe: Permission denied
collect2.exe: error: ld returned 1 exit status
10:57:03 **** Incremental Build of configuration Debug for project TP_2 ****
Info: Internal Builder is used for build
gcc -o TP_2.exe "src\\ArrayEmployees.o" "src\\ComprobarErrores.o" "src\\Inputs.o" "src\\Menus.o" "src\\TP_2.o" 
Info: Nothing to build for TP_2
Info: Nothing to build for TP_2
Info: Nothing to build for TP_2
11:27:00 **** Incremental Build of configuration Debug for project TP_2 ****
Info: Internal Builder is used for build
gcc -O0 -g3 -Wall -c -fmessage-length=0 -o "src\\Menus.o" "..\\src\\Menus.c" 
..\src\Menus.c: In function 'operarMenuModificacion':
..\src\Menus.c:161:25: warning: implicit declaration of function 'printOneEmployee'; did you mean 'printEmployees'? [-Wimplicit-function-declaration]
  161 |       estadoOperacion = printOneEmployee(listaEmpleados, TAM_LISTA_EMPLEADOS, idIngresado);
      |                         ^~~~~~~~~~~~~~~~
      |                         printEmployees
gcc -O0 -g3 -Wall -c -fmessage-length=0 -o "src\\ArrayEmployees.o" "..\\src\\ArrayEmployees.c" 
gcc -O0 -g3 -Wall -c -fmessage-length=0 -o "src\\TP_2.o" "..\\src\\TP_2.c" 
gcc -o TP_2.exe "src\\ArrayEmployees.o" "src\\ComprobarErrores.o" "src\\Inputs.o" "src\\Menus.o" "src\\TP_2.o" 
c:/mingw/bin/../lib/gcc/mingw32/9.2.0/../../../../mingw32/bin/ld.exe: cannot open output file TP_2.exe: Permission denied
collect2.exe: error: ld returned 1 exit status
11:27:08 **** Incremental Build of configuration Debug for project TP_2 ****
Info: Internal Builder is used for build
gcc -o TP_2.exe "src\\ArrayEmployees.o" "src\\ComprobarErrores.o" "src\\Inputs.o" "src\\Menus.o" "src\\TP_2.o" 
Info: Nothing to build for TP_2
Info: Nothing to build for TP_2
11:33:04 **** Incremental Build of configuration Debug for project TP_2 ****
Info: Internal Builder is used for build
gcc -O0 -g3 -Wall -c -fmessage-length=0 -o "src\\ArrayEmployees.o" "..\\src\\ArrayEmployees.c" 
gcc -O0 -g3 -Wall -c -fmessage-length=0 -o "src\\Menus.o" "..\\src\\Menus.c" 
..\src\Menus.c: In function 'operarMenuModificacion':
..\src\Menus.c:162:42: error: incompatible type for argument 1 of 'printOneEmployee'
  162 |       estadoOperacion = printOneEmployee(listaEmpleados, TAM_LISTA_EMPLEADOS, idIngresado);
      |                                          ^~~~~~~~~~~~~~
      |                                          |
      |                                          Employee * {aka struct <anonymous> *}
In file included from ..\src\Menus.h:12,
                 from ..\src\Menus.c:8:
..\src\ArrayEmployees.h:36:31: note: expected 'Employee' {aka 'struct <anonymous>'} but argument is of type 'Employee *' {aka 'struct <anonymous> *'}
   36 | int printOneEmployee(Employee empleado);
      |                      ~~~~~~~~~^~~~~~~~
..\src\Menus.c:162:25: error: too many arguments to function 'printOneEmployee'
  162 |       estadoOperacion = printOneEmployee(listaEmpleados, TAM_LISTA_EMPLEADOS, idIngresado);
      |                         ^~~~~~~~~~~~~~~~
In file included from ..\src\Menus.h:12,
                 from ..\src\Menus.c:8:
..\src\ArrayEmployees.h:36:5: note: declared here
   36 | int printOneEmployee(Employee empleado);
      |     ^~~~~~~~~~~~~~~~
..\src\Menus.c:176:46: error: incompatible type for argument 1 of 'printOneEmployee'
  176 |           estadoOperacion = printOneEmployee(listaEmpleados, TAM_LISTA_EMPLEADOS, idIngresado);
      |                                              ^~~~~~~~~~~~~~
      |                                              |
      |                                              Employee * {aka struct <anonymous> *}
In file included from ..\src\Menus.h:12,
                 from ..\src\Menus.c:8:
..\src\ArrayEmployees.h:36:31: note: expected 'Employee' {aka 'struct <anonymous>'} but argument is of type 'Employee *' {aka 'struct <anonymous> *'}
   36 | int printOneEmployee(Employee empleado);
      |                      ~~~~~~~~~^~~~~~~~
..\src\Menus.c:176:29: error: too many arguments to function 'printOneEmployee'
  176 |           estadoOperacion = printOneEmployee(listaEmpleados, TAM_LISTA_EMPLEADOS, idIngresado);
      |                             ^~~~~~~~~~~~~~~~
In file included from ..\src\Menus.h:12,
                 from ..\src\Menus.c:8:
..\src\ArrayEmployees.h:36:5: note: declared here
   36 | int printOneEmployee(Employee empleado);
      |     ^~~~~~~~~~~~~~~~
..\src\Menus.c:135:11: warning: unused variable 'auxiliar' [-Wunused-variable]
  135 |  Employee auxiliar;
      |           ^~~~~~~~
..\src\Menus.c: In function 'operarMenuBajas':
..\src\Menus.c:244:41: error: incompatible type for argument 1 of 'printOneEmployee'
  244 |      estadoOperacion = printOneEmployee(listaEmpleados, TAM_LISTA_EMPLEADOS, idIngresado);
      |                                         ^~~~~~~~~~~~~~
      |                                         |
      |                                         Employee * {aka struct <anonymous> *}
In file included from ..\src\Menus.h:12,
                 from ..\src\Menus.c:8:
..\src\ArrayEmployees.h:36:31: note: expected 'Employee' {aka 'struct <anonymous>'} but argument is of type 'Employee *' {aka 'struct <anonymous> *'}
   36 | int printOneEmployee(Employee empleado);
      |                      ~~~~~~~~~^~~~~~~~
..\src\Menus.c:244:24: error: too many arguments to function 'printOneEmployee'
  244 |      estadoOperacion = printOneEmployee(listaEmpleados, TAM_LISTA_EMPLEADOS, idIngresado);
      |                        ^~~~~~~~~~~~~~~~
In file included from ..\src\Menus.h:12,
                 from ..\src\Menus.c:8:
..\src\ArrayEmployees.h:36:5: note: declared here
   36 | int printOneEmployee(Employee empleado);
      |     ^~~~~~~~~~~~~~~~
11:40:49 **** Incremental Build of configuration Debug for project TP_2 ****
Info: Internal Builder is used for build
gcc -O0 -g3 -Wall -c -fmessage-length=0 -o "src\\TP_2.o" "..\\src\\TP_2.c" 
gcc -O0 -g3 -Wall -c -fmessage-length=0 -o "src\\Menus.o" "..\\src\\Menus.c" 
..\src\Menus.c: In function 'operarMenuBajas':
..\src\Menus.c:248:41: error: incompatible type for argument 1 of 'printOneEmployee'
  248 |      estadoOperacion = printOneEmployee(listaEmpleados, TAM_LISTA_EMPLEADOS, idIngresado);
      |                                         ^~~~~~~~~~~~~~
      |                                         |
      |                                         Employee * {aka struct <anonymous> *}
In file included from ..\src\Menus.h:12,
                 from ..\src\Menus.c:8:
..\src\ArrayEmployees.h:36:31: note: expected 'Employee' {aka 'struct <anonymous>'} but argument is of type 'Employee *' {aka 'struct <anonymous> *'}
   36 | int printOneEmployee(Employee empleado);
      |                      ~~~~~~~~~^~~~~~~~
..\src\Menus.c:248:24: error: too many arguments to function 'printOneEmployee'
  248 |      estadoOperacion = printOneEmployee(listaEmpleados, TAM_LISTA_EMPLEADOS, idIngresado);
      |                        ^~~~~~~~~~~~~~~~
In file included from ..\src\Menus.h:12,
                 from ..\src\Menus.c:8:
..\src\ArrayEmployees.h:36:5: note: declared here
   36 | int printOneEmployee(Employee empleado);
      |     ^~~~~~~~~~~~~~~~
11:47:22 **** Incremental Build of configuration Debug for project TP_2 ****
Info: Internal Builder is used for build
gcc -O0 -g3 -Wall -c -fmessage-length=0 -o "src\\Menus.o" "..\\src\\Menus.c" 
gcc -o TP_2.exe "src\\ArrayEmployees.o" "src\\ComprobarErrores.o" "src\\Inputs.o" "src\\Menus.o" "src\\TP_2.o" 
c:/mingw/bin/../lib/gcc/mingw32/9.2.0/../../../../mingw32/bin/ld.exe: cannot open output file TP_2.exe: Permission denied
collect2.exe: error: ld returned 1 exit status
11:52:43 **** Incremental Build of configuration Debug for project TP_2 ****
Info: Internal Builder is used for build
gcc -O0 -g3 -Wall -c -fmessage-length=0 -o "src\\ArrayEmployees.o" "..\\src\\ArrayEmployees.c" 
..\src\ArrayEmployees.c:376:5: error: conflicting types for 'modificarEmpleado'
  376 | int modificarEmpleado(Employee* empleado, int opcion)
      |     ^~~~~~~~~~~~~~~~~
In file included from ..\src\ArrayEmployees.c:9:
..\src\ArrayEmployees.h:43:5: note: previous declaration of 'modificarEmpleado' was here
   43 | int modificarEmpleado(Employee listaEmpleados[], int len, int id, int opcion);
      |     ^~~~~~~~~~~~~~~~~
..\src\ArrayEmployees.c: In function 'modificarEmpleado':
..\src\ArrayEmployees.c:391:51: error: 'listaEmpleados' undeclared (first use in this function); did you mean 'swapEmpleados'?
  391 |     strncpy(empleado->name, auxiliar.name, sizeof(listaEmpleados[indice].name));
      |                                                   ^~~~~~~~~~~~~~
      |                                                   swapEmpleados
..\src\ArrayEmployees.c:391:51: note: each undeclared identifier is reported only once for each function it appears in
..\src\ArrayEmployees.c:400:5: error: invalid type argument of unary '*' (have 'int')
  400 |     *empleado->sector = auxiliar.sector;
      |     ^~~~~~~~~~~~~~~~~
..\src\ArrayEmployees.c:380:6: warning: variable 'indice' set but not used [-Wunused-but-set-variable]
  380 |  int indice;
      |      ^~~~~~
11:53:25 **** Incremental Build of configuration Debug for project TP_2 ****
Info: Internal Builder is used for build
gcc -O0 -g3 -Wall -c -fmessage-length=0 -o "src\\ArrayEmployees.o" "..\\src\\ArrayEmployees.c" 
..\src\ArrayEmployees.c:376:5: error: conflicting types for 'modificarEmpleado'
  376 | int modificarEmpleado(Employee* empleado, int opcion)
      |     ^~~~~~~~~~~~~~~~~
In file included from ..\src\ArrayEmployees.c:9:
..\src\ArrayEmployees.h:43:5: note: previous declaration of 'modificarEmpleado' was here
   43 | int modificarEmpleado(Employee listaEmpleados[], int len, int id, int opcion);
      |     ^~~~~~~~~~~~~~~~~
..\src\ArrayEmployees.c: In function 'modificarEmpleado':
..\src\ArrayEmployees.c:380:6: warning: unused variable 'indice' [-Wunused-variable]
  380 |  int indice;
      |      ^~~~~~
11:58:50 **** Incremental Build of configuration Debug for project TP_2 ****
Info: Internal Builder is used for build
gcc -O0 -g3 -Wall -c -fmessage-length=0 -o "src\\ArrayEmployees.o" "..\\src\\ArrayEmployees.c" 
..\src\ArrayEmployees.c: In function 'modificarEmpleado':
..\src\ArrayEmployees.c:380:6: warning: unused variable 'indice' [-Wunused-variable]
  380 |  int indice;
      |      ^~~~~~
gcc -O0 -g3 -Wall -c -fmessage-length=0 -o "src\\Menus.o" "..\\src\\Menus.c" 
gcc -O0 -g3 -Wall -c -fmessage-length=0 -o "src\\TP_2.o" "..\\src\\TP_2.c" 
gcc -o TP_2.exe "src\\ArrayEmployees.o" "src\\ComprobarErrores.o" "src\\Inputs.o" "src\\Menus.o" "src\\TP_2.o" 
c:/mingw/bin/../lib/gcc/mingw32/9.2.0/../../../../mingw32/bin/ld.exe: cannot open output file TP_2.exe: Permission denied
collect2.exe: error: ld returned 1 exit status
11:59:11 **** Incremental Build of configuration Debug for project TP_2 ****
Info: Internal Builder is used for build
gcc -O0 -g3 -Wall -c -fmessage-length=0 -o "src\\ArrayEmployees.o" "..\\src\\ArrayEmployees.c" 
gcc -o TP_2.exe "src\\ArrayEmployees.o" "src\\ComprobarErrores.o" "src\\Inputs.o" "src\\Menus.o" "src\\TP_2.o" 
c:/mingw/bin/../lib/gcc/mingw32/9.2.0/../../../../mingw32/bin/ld.exe: cannot open output file TP_2.exe: Permission denied
collect2.exe: error: ld returned 1 exit status
11:59:15 **** Incremental Build of configuration Debug for project TP_2 ****
Info: Internal Builder is used for build
gcc -o TP_2.exe "src\\ArrayEmployees.o" "src\\ComprobarErrores.o" "src\\Inputs.o" "src\\Menus.o" "src\\TP_2.o" 
Info: Nothing to build for TP_2
13:12:53 **** Incremental Build of configuration Debug for project TP_2 ****
Info: Internal Builder is used for build
gcc -O0 -g3 -Wall -c -fmessage-length=0 -o "src\\ArrayEmployees.o" "..\\src\\ArrayEmployees.c" 
gcc -O0 -g3 -Wall -c -fmessage-length=0 -o "src\\Menus.o" "..\\src\\Menus.c" 
gcc -o TP_2.exe "src\\ArrayEmployees.o" "src\\ComprobarErrores.o" "src\\Inputs.o" "src\\Menus.o" "src\\TP_2.o" 
Info: Nothing to build for TP_2
Info: Nothing to build for TP_2
Info: Nothing to build for TP_2
13:33:14 **** Incremental Build of configuration Debug for project TP_2 ****
Info: Internal Builder is used for build
gcc -O0 -g3 -Wall -c -fmessage-length=0 -o "src\\Inputs.o" "..\\src\\Inputs.c" 
gcc -o TP_2.exe "src\\ArrayEmployees.o" "src\\ComprobarErrores.o" "src\\Inputs.o" "src\\Menus.o" "src\\TP_2.o" 
c:/mingw/bin/../lib/gcc/mingw32/9.2.0/../../../../mingw32/bin/ld.exe: cannot open output file TP_2.exe: Permission denied
collect2.exe: error: ld returned 1 exit status
13:33:20 **** Incremental Build of configuration Debug for project TP_2 ****
Info: Internal Builder is used for build
gcc -o TP_2.exe "src\\ArrayEmployees.o" "src\\ComprobarErrores.o" "src\\Inputs.o" "src\\Menus.o" "src\\TP_2.o" 
13:34:30 **** Incremental Build of configuration Debug for project TP_2 ****
Info: Internal Builder is used for build
gcc -O0 -g3 -Wall -c -fmessage-length=0 -o "src\\TP_2.o" "..\\src\\TP_2.c" 
gcc -O0 -g3 -Wall -c -fmessage-length=0 -o "src\\Menus.o" "..\\src\\Menus.c" 
gcc -o TP_2.exe "src\\ArrayEmployees.o" "src\\ComprobarErrores.o" "src\\Inputs.o" "src\\Menus.o" "src\\TP_2.o" 
13:44:22 **** Incremental Build of configuration Debug for project TP_2 ****
Info: Internal Builder is used for build
gcc -O0 -g3 -Wall -c -fmessage-length=0 -o "src\\ArrayEmployees.o" "..\\src\\ArrayEmployees.c" 
gcc -O0 -g3 -Wall -c -fmessage-length=0 -o "src\\TP_2.o" "..\\src\\TP_2.c" 
gcc -O0 -g3 -Wall -c -fmessage-length=0 -o "src\\Menus.o" "..\\src\\Menus.c" 
gcc -o TP_2.exe "src\\ArrayEmployees.o" "src\\ComprobarErrores.o" "src\\Inputs.o" "src\\Menus.o" "src\\TP_2.o" 
Info: Nothing to build for TP_2
Info: Nothing to build for TP_2
Info: Nothing to build for TP_2
13:50:11 **** Incremental Build of configuration Debug for project TP_2 ****
Info: Internal Builder is used for build
gcc -O0 -g3 -Wall -c -fmessage-length=0 -o "src\\TP_2.o" "..\\src\\TP_2.c" 
gcc -o TP_2.exe "src\\ArrayEmployees.o" "src\\ComprobarErrores.o" "src\\Inputs.o" "src\\Menus.o" "src\\TP_2.o" 
13:50:52 **** Incremental Build of configuration Debug for project TP_2 ****
Info: Internal Builder is used for build
gcc -O0 -g3 -Wall -c -fmessage-length=0 -o "src\\TP_2.o" "..\\src\\TP_2.c" 
gcc -o TP_2.exe "src\\ArrayEmployees.o" "src\\ComprobarErrores.o" "src\\Inputs.o" "src\\Menus.o" "src\\TP_2.o" 
Info: Nothing to build for TP_2
Info: Nothing to build for TP_2
13:54:23 **** Incremental Build of configuration Debug for project TP_2 ****
Info: Internal Builder is used for build
gcc -O0 -g3 -Wall -c -fmessage-length=0 -o "src\\TP_2.o" "..\\src\\TP_2.c" 
gcc -o TP_2.exe "src\\ArrayEmployees.o" "src\\ComprobarErrores.o" "src\\Inputs.o" "src\\Menus.o" "src\\TP_2.o" 
Info: Nothing to build for TP_2
Info: Nothing to build for TP_2
Info: Nothing to build for TP_2
15:18:31 **** Incremental Build of configuration Debug for project TP_2 ****
Info: Internal Builder is used for build
gcc -O0 -g3 -Wall -c -fmessage-length=0 -o "src\\Inputs.o" "..\\src\\Inputs.c" 
gcc -o TP_2.exe "src\\ArrayEmployees.o" "src\\ComprobarErrores.o" "src\\Inputs.o" "src\\Menus.o" "src\\TP_2.o" 
Info: Nothing to build for TP_2
Info: Nothing to build for TP_2
Info: Nothing to build for TP_2
Info: Nothing to build for TP_2
Info: Nothing to build for TP_2
15:21:28 **** Incremental Build of configuration Debug for project TP_2 ****
Info: Internal Builder is used for build
gcc -O0 -g3 -Wall -c -fmessage-length=0 -o "src\\TP_2.o" "..\\src\\TP_2.c" 
gcc -o TP_2.exe "src\\ArrayEmployees.o" "src\\ComprobarErrores.o" "src\\Inputs.o" "src\\Menus.o" "src\\TP_2.o" 
Info: Nothing to build for TP_2
Info: Nothing to build for TP_2
Info: Nothing to build for TP_2
Info: Nothing to build for TP_2
12:59:13 **** Incremental Build of configuration Debug for project TP_2 ****
Info: Internal Builder is used for build
gcc -O0 -g3 -Wall -c -fmessage-length=0 -o "src\\Inputs.o" "..\\src\\Inputs.c" 
..\src\Inputs.c: In function 'darFormatoMayusculaMinuscula':
..\src\Inputs.c:161:6: warning: unused variable 'banderaHayEspacios' [-Wunused-variable]
  161 |  int banderaHayEspacios = 0;
      |      ^~~~~~~~~~~~~~~~~~
gcc -o TP_2.exe "src\\ArrayEmployees.o" "src\\ComprobarErrores.o" "src\\Inputs.o" "src\\Menus.o" "src\\TP_2.o" 
12:59:43 **** Incremental Build of configuration Debug for project TP_2 ****
Info: Internal Builder is used for build
gcc -O0 -g3 -Wall -c -fmessage-length=0 -o "src\\Inputs.o" "..\\src\\Inputs.c" 
gcc -o TP_2.exe "src\\ArrayEmployees.o" "src\\ComprobarErrores.o" "src\\Inputs.o" "src\\Menus.o" "src\\TP_2.o" 
Info: Nothing to build for TP_2
Info: Nothing to build for TP_2
13:07:25 **** Incremental Build of configuration Debug for project TP_2 ****
Info: Internal Builder is used for build
gcc -O0 -g3 -Wall -c -fmessage-length=0 -o "src\\Inputs.o" "..\\src\\Inputs.c" 
gcc -o TP_2.exe "src\\ArrayEmployees.o" "src\\ComprobarErrores.o" "src\\Inputs.o" "src\\Menus.o" "src\\TP_2.o" 
c:/mingw/bin/../lib/gcc/mingw32/9.2.0/../../../../mingw32/bin/ld.exe: cannot open output file TP_2.exe: Permission denied
collect2.exe: error: ld returned 1 exit status
13:07:32 **** Incremental Build of configuration Debug for project TP_2 ****
Info: Internal Builder is used for build
gcc -o TP_2.exe "src\\ArrayEmployees.o" "src\\ComprobarErrores.o" "src\\Inputs.o" "src\\Menus.o" "src\\TP_2.o" 
Info: Nothing to build for TP_2
Info: Nothing to build for TP_2
Info: Nothing to build for TP_2
13:16:26 **** Incremental Build of configuration Debug for project TP_2 ****
Info: Internal Builder is used for build
gcc -O0 -g3 -Wall -c -fmessage-length=0 -o "src\\Inputs.o" "..\\src\\Inputs.c" 
gcc -o TP_2.exe "src\\ArrayEmployees.o" "src\\ComprobarErrores.o" "src\\Inputs.o" "src\\Menus.o" "src\\TP_2.o" 
Info: Nothing to build for TP_2
Info: Nothing to build for TP_2
Info: Nothing to build for TP_2
Info: Nothing to build for TP_2
Info: Nothing to build for TP_2
Info: Nothing to build for TP_2
Info: Nothing to build for TP_2
Info: Nothing to build for TP_2
Info: Nothing to build for TP_2
Info: Nothing to build for TP_2
Info: Nothing to build for TP_2
17:52:24 **** Incremental Build of configuration Debug for project TP_2 ****
Info: Internal Builder is used for build
gcc -O0 -g3 -Wall -c -fmessage-length=0 -o "src\\Inputs.o" "..\\src\\Inputs.c" 
gcc -o TP_2.exe "src\\ArrayEmployees.o" "src\\ComprobarErrores.o" "src\\Inputs.o" "src\\Menus.o" "src\\TP_2.o" 
Info: Nothing to build for TP_2
Info: Nothing to build for TP_2
Info: Nothing to build for TP_2
Info: Nothing to build for TP_2
Info: Nothing to build for TP_2
Info: Nothing to build for TP_2
Info: Nothing to build for TP_2
Info: Nothing to build for TP_2
Info: Nothing to build for TP_2
Info: Nothing to build for TP_2
Info: Nothing to build for TP_2
Info: Nothing to build for TP_2
00:54:20 **** Incremental Build of configuration Debug for project TP_2 ****
Info: Internal Builder is used for build
gcc -O0 -g3 -Wall -c -fmessage-length=0 -o "src\\ArrayEmployees.o" "..\\src\\ArrayEmployees.c" 
gcc -o TP_2.exe "src\\ArrayEmployees.o" "src\\ComprobarErrores.o" "src\\Inputs.o" "src\\Menus.o" "src\\TP_2.o" 
c:/mingw/bin/../lib/gcc/mingw32/9.2.0/../../../../mingw32/bin/ld.exe: cannot open output file TP_2.exe: Permission denied
collect2.exe: error: ld returned 1 exit status
00:54:28 **** Incremental Build of configuration Debug for project TP_2 ****
Info: Internal Builder is used for build
gcc -o TP_2.exe "src\\ArrayEmployees.o" "src\\ComprobarErrores.o" "src\\Inputs.o" "src\\Menus.o" "src\\TP_2.o" 
Info: Nothing to build for TP_2
01:16:00 **** Incremental Build of configuration Debug for project TP_2 ****
Info: Internal Builder is used for build
gcc -O0 -g3 -Wall -c -fmessage-length=0 -o "src\\ArrayEmployees.o" "..\\src\\ArrayEmployees.c" 
..\src\ArrayEmployees.c: In function 'imprimirDatosDeSalario':
..\src\ArrayEmployees.c:652:23: warning: implicit declaration of function 'calcularEImprimirEmpleadosQueSuperanSalarioPromedio'; did you mean 'calcularEmpleadosQueSuperanSalarioPromedio'? [-Wimplicit-function-declaration]
  652 |     estadoOperacion = calcularEImprimirEmpleadosQueSuperanSalarioPromedio(listaEmpleados,len, promedioSalarios);
      |                       ^~~~~~~~~~~~~~~~~~~~~~~~~~~~~~~~~~~~~~~~~~~~~~~~~~~
      |                       calcularEmpleadosQueSuperanSalarioPromedio
..\src\ArrayEmployees.c:658:36: warning: format '%d' expects a matching 'int' argument [-Wformat=]
  658 |      printf("\n$%19.4f  $%19.4f %44d\n", totalSalarios, promedioSalarios);
      |                                 ~~~^
      |                                    |
      |                                    int
..\src\ArrayEmployees.c: At top level:
..\src\ArrayEmployees.c:688:5: error: conflicting types for 'calcularEImprimirEmpleadosQueSuperanSalarioPromedio'
  688 | int calcularEImprimirEmpleadosQueSuperanSalarioPromedio(Employee listaEmpleados[], int len, float promedioSalario)
      |     ^~~~~~~~~~~~~~~~~~~~~~~~~~~~~~~~~~~~~~~~~~~~~~~~~~~
..\src\ArrayEmployees.c:689:1: note: an argument type that has a default promotion can't match an empty parameter name list declaration
  689 | {
      | ^
..\src\ArrayEmployees.c:652:23: note: previous implicit declaration of 'calcularEImprimirEmpleadosQueSuperanSalarioPromedio' was here
  652 |     estadoOperacion = calcularEImprimirEmpleadosQueSuperanSalarioPromedio(listaEmpleados,len, promedioSalarios);
      |                       ^~~~~~~~~~~~~~~~~~~~~~~~~~~~~~~~~~~~~~~~~~~~~~~~~~~
01:25:52 **** Incremental Build of configuration Debug for project TP_2 ****
Info: Internal Builder is used for build
gcc -O0 -g3 -Wall -c -fmessage-length=0 -o "src\\Menus.o" "..\\src\\Menus.c" 
gcc -O0 -g3 -Wall -c -fmessage-length=0 -o "src\\TP_2.o" "..\\src\\TP_2.c" 
gcc -O0 -g3 -Wall -c -fmessage-length=0 -o "src\\ArrayEmployees.o" "..\\src\\ArrayEmployees.c" 
..\src\ArrayEmployees.c: In function 'imprimirDatosDeSalario':
..\src\ArrayEmployees.c:656:35: warning: format '%d' expects a matching 'int' argument [-Wformat=]
  656 |     printf("\n$%19.4f  $%19.4f %44d\n", totalSalarios, promedioSalarios);
      |                                ~~~^
      |                                   |
      |                                   int
gcc -o TP_2.exe "src\\ArrayEmployees.o" "src\\ComprobarErrores.o" "src\\Inputs.o" "src\\Menus.o" "src\\TP_2.o" 
01:26:11 **** Incremental Build of configuration Debug for project TP_2 ****
Info: Internal Builder is used for build
gcc -O0 -g3 -Wall -c -fmessage-length=0 -o "src\\ArrayEmployees.o" "..\\src\\ArrayEmployees.c" 
gcc -o TP_2.exe "src\\ArrayEmployees.o" "src\\ComprobarErrores.o" "src\\Inputs.o" "src\\Menus.o" "src\\TP_2.o" 
Info: Nothing to build for TP_2
01:30:55 **** Incremental Build of configuration Debug for project TP_2 ****
Info: Internal Builder is used for build
gcc -O0 -g3 -Wall -c -fmessage-length=0 -o "src\\ArrayEmployees.o" "..\\src\\ArrayEmployees.c" 
gcc -o TP_2.exe "src\\ArrayEmployees.o" "src\\ComprobarErrores.o" "src\\Inputs.o" "src\\Menus.o" "src\\TP_2.o" 
01:40:15 **** Incremental Build of configuration Debug for project TP_2 ****
Info: Internal Builder is used for build
gcc -O0 -g3 -Wall -c -fmessage-length=0 -o "src\\ArrayEmployees.o" "..\\src\\ArrayEmployees.c" 
gcc -o TP_2.exe "src\\ArrayEmployees.o" "src\\ComprobarErrores.o" "src\\Inputs.o" "src\\Menus.o" "src\\TP_2.o" 
Info: Nothing to build for TP_2
01:42:41 **** Incremental Build of configuration Debug for project TP_2 ****
Info: Internal Builder is used for build
gcc -O0 -g3 -Wall -c -fmessage-length=0 -o "src\\ArrayEmployees.o" "..\\src\\ArrayEmployees.c" 
gcc -o TP_2.exe "src\\ArrayEmployees.o" "src\\ComprobarErrores.o" "src\\Inputs.o" "src\\Menus.o" "src\\TP_2.o" 
01:43:27 **** Incremental Build of configuration Debug for project TP_2 ****
Info: Internal Builder is used for build
gcc -O0 -g3 -Wall -c -fmessage-length=0 -o "src\\ArrayEmployees.o" "..\\src\\ArrayEmployees.c" 
gcc -o TP_2.exe "src\\ArrayEmployees.o" "src\\ComprobarErrores.o" "src\\Inputs.o" "src\\Menus.o" "src\\TP_2.o" 
01:44:05 **** Incremental Build of configuration Debug for project TP_2 ****
Info: Internal Builder is used for build
gcc -O0 -g3 -Wall -c -fmessage-length=0 -o "src\\ArrayEmployees.o" "..\\src\\ArrayEmployees.c" 
gcc -o TP_2.exe "src\\ArrayEmployees.o" "src\\ComprobarErrores.o" "src\\Inputs.o" "src\\Menus.o" "src\\TP_2.o" 
01:44:44 **** Incremental Build of configuration Debug for project TP_2 ****
Info: Internal Builder is used for build
gcc -O0 -g3 -Wall -c -fmessage-length=0 -o "src\\ArrayEmployees.o" "..\\src\\ArrayEmployees.c" 
gcc -o TP_2.exe "src\\ArrayEmployees.o" "src\\ComprobarErrores.o" "src\\Inputs.o" "src\\Menus.o" "src\\TP_2.o" 
Info: Nothing to build for TP_2
Info: Nothing to build for TP_2
Info: Nothing to build for TP_2
08:53:46 **** Incremental Build of configuration Debug for project TP_2 ****
Info: Internal Builder is used for build
gcc -O0 -g3 -Wall -c -fmessage-length=0 -o "src\\ArrayEmployees.o" "..\\src\\ArrayEmployees.c" 
gcc -o TP_2.exe "src\\ArrayEmployees.o" "src\\ComprobarErrores.o" "src\\Inputs.o" "src\\Menus.o" "src\\TP_2.o" 
Info: Nothing to build for TP_2
10:36:07 **** Incremental Build of configuration Debug for project TP_2 ****
Info: Internal Builder is used for build
gcc -O0 -g3 -Wall -c -fmessage-length=0 -o "src\\Inputs.o" "..\\src\\Inputs.c" 
gcc -O0 -g3 -Wall -c -fmessage-length=0 -o "src\\ArrayEmployees.o" "..\\src\\ArrayEmployees.c" 
gcc -O0 -g3 -Wall -c -fmessage-length=0 -o "src\\ComprobarErrores.o" "..\\src\\ComprobarErrores.c" 
gcc -O0 -g3 -Wall -c -fmessage-length=0 -o "src\\TP_2.o" "..\\src\\TP_2.c" 
..\src\TP_2.c: In function 'main':
..\src\TP_2.c:46:6: warning: unused variable 'banderaMenuSecundarioOpcion' [-Wunused-variable]
   46 |  int banderaMenuSecundarioOpcion = 0;
      |      ^~~~~~~~~~~~~~~~~~~~~~~~~~~
..\src\TP_2.c:45:6: warning: unused variable 'banderaMenuSecundarioTitulo' [-Wunused-variable]
   45 |  int banderaMenuSecundarioTitulo = 0;
      |      ^~~~~~~~~~~~~~~~~~~~~~~~~~~
..\src\TP_2.c:44:6: warning: unused variable 'opcionMaximo' [-Wunused-variable]
   44 |  int opcionMaximo;
      |      ^~~~~~~~~~~~
..\src\TP_2.c:43:6: warning: unused variable 'opcionMinimo' [-Wunused-variable]
   43 |  int opcionMinimo;
      |      ^~~~~~~~~~~~
gcc -O0 -g3 -Wall -c -fmessage-length=0 -o "src\\Menus.o" "..\\src\\Menus.c" 
..\src\Menus.c: In function 'operarMenuModificacion':
..\src\Menus.c:154:6: warning: unused variable 'banderaMenuTitulo' [-Wunused-variable]
  154 |  int banderaMenuTitulo = 1;
      |      ^~~~~~~~~~~~~~~~~
..\src\Menus.c: In function 'operarMenuBajas':
..\src\Menus.c:242:6: warning: unused variable 'banderaOpcionesMenu' [-Wunused-variable]
  242 |  int banderaOpcionesMenu;
      |      ^~~~~~~~~~~~~~~~~~~
..\src\Menus.c:241:6: warning: unused variable 'banderaTituloMenu' [-Wunused-variable]
  241 |  int banderaTituloMenu;
      |      ^~~~~~~~~~~~~~~~~
gcc -o TP_2.exe "src\\ArrayEmployees.o" "src\\ComprobarErrores.o" "src\\Inputs.o" "src\\Menus.o" "src\\TP_2.o" 
c:/mingw/bin/../lib/gcc/mingw32/9.2.0/../../../../mingw32/bin/ld.exe: cannot open output file TP_2.exe: Permission denied
collect2.exe: error: ld returned 1 exit status
10:36:21 **** Incremental Build of configuration Debug for project TP_2 ****
Info: Internal Builder is used for build
gcc -o TP_2.exe "src\\ArrayEmployees.o" "src\\ComprobarErrores.o" "src\\Inputs.o" "src\\Menus.o" "src\\TP_2.o" 
Info: Nothing to build for TP_2
10:44:36 **** Incremental Build of configuration Debug for project TP_2 ****
Info: Internal Builder is used for build
gcc -O0 -g3 -Wall -c -fmessage-length=0 -o "src\\Menus.o" "..\\src\\Menus.c" 
..\src\Menus.c: In function 'operarMenuModificacion':
..\src\Menus.c:154:6: warning: unused variable 'banderaMenuTitulo' [-Wunused-variable]
  154 |  int banderaMenuTitulo = 1;
      |      ^~~~~~~~~~~~~~~~~
..\src\Menus.c: In function 'operarMenuBajas':
..\src\Menus.c:242:6: warning: unused variable 'banderaOpcionesMenu' [-Wunused-variable]
  242 |  int banderaOpcionesMenu;
      |      ^~~~~~~~~~~~~~~~~~~
..\src\Menus.c:241:6: warning: unused variable 'banderaTituloMenu' [-Wunused-variable]
  241 |  int banderaTituloMenu;
      |      ^~~~~~~~~~~~~~~~~
gcc -o TP_2.exe "src\\ArrayEmployees.o" "src\\ComprobarErrores.o" "src\\Inputs.o" "src\\Menus.o" "src\\TP_2.o" 
Info: Nothing to build for TP_2
10:48:01 **** Incremental Build of configuration Debug for project TP_2 ****
Info: Internal Builder is used for build
gcc -O0 -g3 -Wall -c -fmessage-length=0 -o "src\\Menus.o" "..\\src\\Menus.c" 
..\src\Menus.c: In function 'operarMenuModificacion':
..\src\Menus.c:154:6: warning: unused variable 'banderaMenuTitulo' [-Wunused-variable]
  154 |  int banderaMenuTitulo = 1;
      |      ^~~~~~~~~~~~~~~~~
..\src\Menus.c: In function 'operarMenuBajas':
..\src\Menus.c:242:6: warning: unused variable 'banderaOpcionesMenu' [-Wunused-variable]
  242 |  int banderaOpcionesMenu;
      |      ^~~~~~~~~~~~~~~~~~~
..\src\Menus.c:241:6: warning: unused variable 'banderaTituloMenu' [-Wunused-variable]
  241 |  int banderaTituloMenu;
      |      ^~~~~~~~~~~~~~~~~
gcc -o TP_2.exe "src\\ArrayEmployees.o" "src\\ComprobarErrores.o" "src\\Inputs.o" "src\\Menus.o" "src\\TP_2.o" 
10:51:52 **** Incremental Build of configuration Debug for project TP_2 ****
Info: Internal Builder is used for build
gcc -O0 -g3 -Wall -c -fmessage-length=0 -o "src\\Menus.o" "..\\src\\Menus.c" 
..\src\Menus.c: In function 'operarMenuModificacion':
..\src\Menus.c:154:6: warning: unused variable 'banderaMenuTitulo' [-Wunused-variable]
  154 |  int banderaMenuTitulo = 1;
      |      ^~~~~~~~~~~~~~~~~
..\src\Menus.c:149:6: warning: variable 'banderaMenuOpciones' set but not used [-Wunused-but-set-variable]
  149 |  int banderaMenuOpciones;
      |      ^~~~~~~~~~~~~~~~~~~
..\src\Menus.c: In function 'operarMenuBajas':
..\src\Menus.c:239:6: warning: unused variable 'banderaOpcionesMenu' [-Wunused-variable]
  239 |  int banderaOpcionesMenu;
      |      ^~~~~~~~~~~~~~~~~~~
..\src\Menus.c:238:6: warning: unused variable 'banderaTituloMenu' [-Wunused-variable]
  238 |  int banderaTituloMenu;
      |      ^~~~~~~~~~~~~~~~~
gcc -o TP_2.exe "src\\ArrayEmployees.o" "src\\ComprobarErrores.o" "src\\Inputs.o" "src\\Menus.o" "src\\TP_2.o" 
c:/mingw/bin/../lib/gcc/mingw32/9.2.0/../../../../mingw32/bin/ld.exe: cannot open output file TP_2.exe: Permission denied
collect2.exe: error: ld returned 1 exit status
10:51:58 **** Incremental Build of configuration Debug for project TP_2 ****
Info: Internal Builder is used for build
gcc -o TP_2.exe "src\\ArrayEmployees.o" "src\\ComprobarErrores.o" "src\\Inputs.o" "src\\Menus.o" "src\\TP_2.o" 
11:03:32 **** Incremental Build of configuration Debug for project TP_2 ****
Info: Internal Builder is used for build
gcc -O0 -g3 -Wall -c -fmessage-length=0 -o "src\\TP_2.o" "..\\src\\TP_2.c" 
..\src\TP_2.c: In function 'main':
..\src\TP_2.c:49:6: warning: unused variable 'banderaMenuSecundarioOpcion' [-Wunused-variable]
   49 |  int banderaMenuSecundarioOpcion;
      |      ^~~~~~~~~~~~~~~~~~~~~~~~~~~
..\src\TP_2.c:48:6: warning: unused variable 'banderaMenuSecundarioTitulo' [-Wunused-variable]
   48 |  int banderaMenuSecundarioTitulo;
      |      ^~~~~~~~~~~~~~~~~~~~~~~~~~~
..\src\TP_2.c:47:6: warning: unused variable 'opcionMaximo' [-Wunused-variable]
   47 |  int opcionMaximo;
      |      ^~~~~~~~~~~~
..\src\TP_2.c:46:6: warning: unused variable 'opcionMinimo' [-Wunused-variable]
   46 |  int opcionMinimo;
      |      ^~~~~~~~~~~~
gcc -o TP_2.exe "src\\ArrayEmployees.o" "src\\ComprobarErrores.o" "src\\Inputs.o" "src\\Menus.o" "src\\TP_2.o" 
c:/mingw/bin/../lib/gcc/mingw32/9.2.0/../../../../mingw32/bin/ld.exe: cannot open output file TP_2.exe: Permission denied
collect2.exe: error: ld returned 1 exit status
11:04:08 **** Incremental Build of configuration Debug for project TP_2 ****
Info: Internal Builder is used for build
gcc -O0 -g3 -Wall -c -fmessage-length=0 -o "src\\TP_2.o" "..\\src\\TP_2.c" 
gcc -o TP_2.exe "src\\ArrayEmployees.o" "src\\ComprobarErrores.o" "src\\Inputs.o" "src\\Menus.o" "src\\TP_2.o" 
c:/mingw/bin/../lib/gcc/mingw32/9.2.0/../../../../mingw32/bin/ld.exe: cannot open output file TP_2.exe: Permission denied
collect2.exe: error: ld returned 1 exit status
11:04:12 **** Incremental Build of configuration Debug for project TP_2 ****
Info: Internal Builder is used for build
gcc -o TP_2.exe "src\\ArrayEmployees.o" "src\\ComprobarErrores.o" "src\\Inputs.o" "src\\Menus.o" "src\\TP_2.o" 
11:04:22 **** Incremental Build of configuration Debug for project TP_2 ****
Info: Internal Builder is used for build
gcc -O0 -g3 -Wall -c -fmessage-length=0 -o "src\\ArrayEmployees.o" "..\\src\\ArrayEmployees.c" 
gcc -o TP_2.exe "src\\ArrayEmployees.o" "src\\ComprobarErrores.o" "src\\Inputs.o" "src\\Menus.o" "src\\TP_2.o" 
c:/mingw/bin/../lib/gcc/mingw32/9.2.0/../../../../mingw32/bin/ld.exe: cannot open output file TP_2.exe: Permission denied
collect2.exe: error: ld returned 1 exit status
11:04:31 **** Incremental Build of configuration Debug for project TP_2 ****
Info: Internal Builder is used for build
gcc -O0 -g3 -Wall -c -fmessage-length=0 -o "src\\Menus.o" "..\\src\\Menus.c" 
..\src\Menus.c: In function 'operarMenuModificacion':
..\src\Menus.c:154:6: warning: unused variable 'banderaMenuTitulo' [-Wunused-variable]
  154 |  int banderaMenuTitulo = 1;
      |      ^~~~~~~~~~~~~~~~~
..\src\Menus.c:149:6: warning: variable 'banderaMenuOpciones' set but not used [-Wunused-but-set-variable]
  149 |  int banderaMenuOpciones;
      |      ^~~~~~~~~~~~~~~~~~~
..\src\Menus.c: In function 'operarMenuBajas':
..\src\Menus.c:239:6: warning: unused variable 'banderaOpcionesMenu' [-Wunused-variable]
  239 |  int banderaOpcionesMenu;
      |      ^~~~~~~~~~~~~~~~~~~
..\src\Menus.c:238:6: warning: unused variable 'banderaTituloMenu' [-Wunused-variable]
  238 |  int banderaTituloMenu;
      |      ^~~~~~~~~~~~~~~~~
gcc -o TP_2.exe "src\\ArrayEmployees.o" "src\\ComprobarErrores.o" "src\\Inputs.o" "src\\Menus.o" "src\\TP_2.o" 
c:/mingw/bin/../lib/gcc/mingw32/9.2.0/../../../../mingw32/bin/ld.exe: cannot open output file TP_2.exe: Permission denied
collect2.exe: error: ld returned 1 exit status
11:05:01 **** Incremental Build of configuration Debug for project TP_2 ****
Info: Internal Builder is used for build
gcc -O0 -g3 -Wall -c -fmessage-length=0 -o "src\\Menus.o" "..\\src\\Menus.c" 
..\src\Menus.c: In function 'operarMenuModificacion':
..\src\Menus.c:196:12: error: 'banderaMenuOpciones' undeclared (first use in this function)
  196 |            banderaMenuOpciones = MENU_MODIFICACION_INGRESE_ID_EMPLEADO;
      |            ^~~~~~~~~~~~~~~~~~~
..\src\Menus.c:196:12: note: each undeclared identifier is reported only once for each function it appears in
11:10:32 **** Incremental Build of configuration Debug for project TP_2 ****
Info: Internal Builder is used for build
gcc -O0 -g3 -Wall -c -fmessage-length=0 -o "src\\Menus.o" "..\\src\\Menus.c" 
gcc -O0 -g3 -Wall -c -fmessage-length=0 -o "src\\Inputs.o" "..\\src\\Inputs.c" 
gcc -O0 -g3 -Wall -c -fmessage-length=0 -o "src\\ArrayEmployees.o" "..\\src\\ArrayEmployees.c" 
gcc -O0 -g3 -Wall -c -fmessage-length=0 -o "src\\ComprobarErrores.o" "..\\src\\ComprobarErrores.c" 
gcc -O0 -g3 -Wall -c -fmessage-length=0 -o "src\\TP_2.o" "..\\src\\TP_2.c" 
gcc -o TP_2.exe "src\\ArrayEmployees.o" "src\\ComprobarErrores.o" "src\\Inputs.o" "src\\Menus.o" "src\\TP_2.o" 
Info: Nothing to build for TP_2
Info: Nothing to build for TP_2
Info: Nothing to build for TP_2
Info: Nothing to build for TP_2
Info: Nothing to build for TP_2
11:45:39 **** Incremental Build of configuration Debug for project TP_2 ****
Info: Internal Builder is used for build
gcc -O0 -g3 -Wall -c -fmessage-length=0 -o "src\\Menus.o" "..\\src\\Menus.c" 
gcc -o TP_2.exe "src\\ArrayEmployees.o" "src\\ComprobarErrores.o" "src\\Inputs.o" "src\\Menus.o" "src\\TP_2.o" 
c:/mingw/bin/../lib/gcc/mingw32/9.2.0/../../../../mingw32/bin/ld.exe: cannot open output file TP_2.exe: Permission denied
collect2.exe: error: ld returned 1 exit status
11:45:44 **** Incremental Build of configuration Debug for project TP_2 ****
Info: Internal Builder is used for build
gcc -o TP_2.exe "src\\ArrayEmployees.o" "src\\ComprobarErrores.o" "src\\Inputs.o" "src\\Menus.o" "src\\TP_2.o" 
11:47:21 **** Incremental Build of configuration Debug for project TP_2 ****
Info: Internal Builder is used for build
gcc -O0 -g3 -Wall -c -fmessage-length=0 -o "src\\Menus.o" "..\\src\\Menus.c" 
gcc -o TP_2.exe "src\\ArrayEmployees.o" "src\\ComprobarErrores.o" "src\\Inputs.o" "src\\Menus.o" "src\\TP_2.o" 
Info: Nothing to build for TP_2
Info: Nothing to build for TP_2
Info: Nothing to build for TP_2
11:56:06 **** Incremental Build of configuration Debug for project TP_2 ****
Info: Internal Builder is used for build
gcc -O0 -g3 -Wall -c -fmessage-length=0 -o "src\\Menus.o" "..\\src\\Menus.c" 
gcc -o TP_2.exe "src\\ArrayEmployees.o" "src\\ComprobarErrores.o" "src\\Inputs.o" "src\\Menus.o" "src\\TP_2.o" 
Info: Nothing to build for TP_2
12:01:56 **** Incremental Build of configuration Debug for project TP_2 ****
Info: Internal Builder is used for build
gcc -O0 -g3 -Wall -c -fmessage-length=0 -o "src\\Menus.o" "..\\src\\Menus.c" 
..\src\Menus.c: In function 'operarMenuBajas':
..\src\Menus.c:285:82: error: 'NO_SE_ENCONTRARON_DATOS_ASOCIADOS_AL_ID_INDICADO' undeclared (first use in this function)
  285 |    }while(opcionElegida == MENU_BAJAS_NO_ELIMINAR_Y_VOLVER || estadoOperacion == NO_SE_ENCONTRARON_DATOS_ASOCIADOS_AL_ID_INDICADO);
      |                                                                                  ^~~~~~~~~~~~~~~~~~~~~~~~~~~~~~~~~~~~~~~~~~~~~~~~
..\src\Menus.c:285:82: note: each undeclared identifier is reported only once for each function it appears in
12:03:11 **** Incremental Build of configuration Debug for project TP_2 ****
Info: Internal Builder is used for build
gcc -O0 -g3 -Wall -c -fmessage-length=0 -o "src\\Menus.o" "..\\src\\Menus.c" 
gcc -o TP_2.exe "src\\ArrayEmployees.o" "src\\ComprobarErrores.o" "src\\Inputs.o" "src\\Menus.o" "src\\TP_2.o" 
12:04:36 **** Incremental Build of configuration Debug for project TP_2 ****
Info: Internal Builder is used for build
gcc -O0 -g3 -Wall -c -fmessage-length=0 -o "src\\Menus.o" "..\\src\\Menus.c" 
gcc -o TP_2.exe "src\\ArrayEmployees.o" "src\\ComprobarErrores.o" "src\\Inputs.o" "src\\Menus.o" "src\\TP_2.o" 
Info: Nothing to build for TP_2
12:06:59 **** Incremental Build of configuration Debug for project TP_2 ****
Info: Internal Builder is used for build
gcc -O0 -g3 -Wall -c -fmessage-length=0 -o "src\\ArrayEmployees.o" "..\\src\\ArrayEmployees.c" 
gcc -O0 -g3 -Wall -c -fmessage-length=0 -o "src\\Menus.o" "..\\src\\Menus.c" 
gcc -O0 -g3 -Wall -c -fmessage-length=0 -o "src\\ComprobarErrores.o" "..\\src\\ComprobarErrores.c" 
gcc -O0 -g3 -Wall -c -fmessage-length=0 -o "src\\TP_2.o" "..\\src\\TP_2.c" 
gcc -O0 -g3 -Wall -c -fmessage-length=0 -o "src\\Inputs.o" "..\\src\\Inputs.c" 
gcc -o TP_2.exe "src\\ArrayEmployees.o" "src\\ComprobarErrores.o" "src\\Inputs.o" "src\\Menus.o" "src\\TP_2.o" 
Info: Nothing to build for TP_2
12:07:53 **** Incremental Build of configuration Debug for project TP_2 ****
Info: Internal Builder is used for build
gcc -O0 -g3 -Wall -c -fmessage-length=0 -o "src\\Menus.o" "..\\src\\Menus.c" 
gcc -o TP_2.exe "src\\ArrayEmployees.o" "src\\ComprobarErrores.o" "src\\Inputs.o" "src\\Menus.o" "src\\TP_2.o" 
Info: Nothing to build for TP_2
Info: Nothing to build for TP_2
Info: Nothing to build for TP_2
Info: Nothing to build for TP_2
12:12:14 **** Incremental Build of configuration Debug for project TP_2 ****
Info: Internal Builder is used for build
gcc -O0 -g3 -Wall -c -fmessage-length=0 -o "src\\TP_2.o" "..\\src\\TP_2.c" 
gcc -o TP_2.exe "src\\ArrayEmployees.o" "src\\ComprobarErrores.o" "src\\Inputs.o" "src\\Menus.o" "src\\TP_2.o" 
12:14:18 **** Incremental Build of configuration Debug for project TP_2 ****
Info: Internal Builder is used for build
gcc -O0 -g3 -Wall -c -fmessage-length=0 -o "src\\TP_2.o" "..\\src\\TP_2.c" 
gcc -o TP_2.exe "src\\ArrayEmployees.o" "src\\ComprobarErrores.o" "src\\Inputs.o" "src\\Menus.o" "src\\TP_2.o" 
Info: Nothing to build for TP_2
Info: Nothing to build for TP_2
12:26:00 **** Incremental Build of configuration Debug for project TP_2 ****
Info: Internal Builder is used for build
gcc -O0 -g3 -Wall -c -fmessage-length=0 -o "src\\TP_2.o" "..\\src\\TP_2.c" 
gcc -o TP_2.exe "src\\ArrayEmployees.o" "src\\ComprobarErrores.o" "src\\Inputs.o" "src\\Menus.o" "src\\TP_2.o" 
c:/mingw/bin/../lib/gcc/mingw32/9.2.0/../../../../mingw32/bin/ld.exe: cannot open output file TP_2.exe: Permission denied
collect2.exe: error: ld returned 1 exit status
12:26:05 **** Incremental Build of configuration Debug for project TP_2 ****
Info: Internal Builder is used for build
gcc -o TP_2.exe "src\\ArrayEmployees.o" "src\\ComprobarErrores.o" "src\\Inputs.o" "src\\Menus.o" "src\\TP_2.o" 
12:34:10 **** Incremental Build of configuration Debug for project TP_2 ****
Info: Internal Builder is used for build
gcc -O0 -g3 -Wall -c -fmessage-length=0 -o "src\\Menus.o" "..\\src\\Menus.c" 
gcc -O0 -g3 -Wall -c -fmessage-length=0 -o "src\\TP_2.o" "..\\src\\TP_2.c" 
gcc -o TP_2.exe "src\\ArrayEmployees.o" "src\\ComprobarErrores.o" "src\\Inputs.o" "src\\Menus.o" "src\\TP_2.o" 
Info: Nothing to build for TP_2
12:35:31 **** Incremental Build of configuration Debug for project TP_2 ****
Info: Internal Builder is used for build
gcc -O0 -g3 -Wall -c -fmessage-length=0 -o "src\\TP_2.o" "..\\src\\TP_2.c" 
gcc -o TP_2.exe "src\\ArrayEmployees.o" "src\\ComprobarErrores.o" "src\\Inputs.o" "src\\Menus.o" "src\\TP_2.o" 
12:36:24 **** Incremental Build of configuration Debug for project TP_2 ****
Info: Internal Builder is used for build
gcc -O0 -g3 -Wall -c -fmessage-length=0 -o "src\\TP_2.o" "..\\src\\TP_2.c" 
gcc -o TP_2.exe "src\\ArrayEmployees.o" "src\\ComprobarErrores.o" "src\\Inputs.o" "src\\Menus.o" "src\\TP_2.o" 
c:/mingw/bin/../lib/gcc/mingw32/9.2.0/../../../../mingw32/bin/ld.exe: cannot open output file TP_2.exe: Permission denied
collect2.exe: error: ld returned 1 exit status
12:36:26 **** Incremental Build of configuration Debug for project TP_2 ****
Info: Internal Builder is used for build
gcc -o TP_2.exe "src\\ArrayEmployees.o" "src\\ComprobarErrores.o" "src\\Inputs.o" "src\\Menus.o" "src\\TP_2.o" 
12:38:38 **** Incremental Build of configuration Debug for project TP_2 ****
Info: Internal Builder is used for build
gcc -O0 -g3 -Wall -c -fmessage-length=0 -o "src\\TP_2.o" "..\\src\\TP_2.c" 
gcc -o TP_2.exe "src\\ArrayEmployees.o" "src\\ComprobarErrores.o" "src\\Inputs.o" "src\\Menus.o" "src\\TP_2.o" 
12:39:30 **** Incremental Build of configuration Debug for project TP_2 ****
Info: Internal Builder is used for build
gcc -O0 -g3 -Wall -c -fmessage-length=0 -o "src\\TP_2.o" "..\\src\\TP_2.c" 
gcc -o TP_2.exe "src\\ArrayEmployees.o" "src\\ComprobarErrores.o" "src\\Inputs.o" "src\\Menus.o" "src\\TP_2.o" 
Info: Nothing to build for TP_2
Info: Nothing to build for TP_2
Info: Nothing to build for TP_2
12:45:24 **** Incremental Build of configuration Debug for project TP_2 ****
Info: Internal Builder is used for build
gcc -O0 -g3 -Wall -c -fmessage-length=0 -o "src\\TP_2.o" "..\\src\\TP_2.c" 
gcc -o TP_2.exe "src\\ArrayEmployees.o" "src\\ComprobarErrores.o" "src\\Inputs.o" "src\\Menus.o" "src\\TP_2.o" 
c:/mingw/bin/../lib/gcc/mingw32/9.2.0/../../../../mingw32/bin/ld.exe: cannot open output file TP_2.exe: Permission denied
collect2.exe: error: ld returned 1 exit status
12:45:30 **** Incremental Build of configuration Debug for project TP_2 ****
Info: Internal Builder is used for build
gcc -o TP_2.exe "src\\ArrayEmployees.o" "src\\ComprobarErrores.o" "src\\Inputs.o" "src\\Menus.o" "src\\TP_2.o" 
12:46:28 **** Incremental Build of configuration Debug for project TP_2 ****
Info: Internal Builder is used for build
gcc -O0 -g3 -Wall -c -fmessage-length=0 -o "src\\TP_2.o" "..\\src\\TP_2.c" 
gcc -O0 -g3 -Wall -c -fmessage-length=0 -o "src\\ArrayEmployees.o" "..\\src\\ArrayEmployees.c" 
gcc -O0 -g3 -Wall -c -fmessage-length=0 -o "src\\Menus.o" "..\\src\\Menus.c" 
gcc -O0 -g3 -Wall -c -fmessage-length=0 -o "src\\Inputs.o" "..\\src\\Inputs.c" 
gcc -O0 -g3 -Wall -c -fmessage-length=0 -o "src\\ComprobarErrores.o" "..\\src\\ComprobarErrores.c" 
gcc -o TP_2.exe "src\\ArrayEmployees.o" "src\\ComprobarErrores.o" "src\\Inputs.o" "src\\Menus.o" "src\\TP_2.o" 
Info: Nothing to build for TP_2
12:50:37 **** Incremental Build of configuration Debug for project TP_2 ****
Info: Internal Builder is used for build
gcc -O0 -g3 -Wall -c -fmessage-length=0 -o "src\\TP_2.o" "..\\src\\TP_2.c" 
gcc -O0 -g3 -Wall -c -fmessage-length=0 -o "src\\Inputs.o" "..\\src\\Inputs.c" 
gcc -o TP_2.exe "src\\ArrayEmployees.o" "src\\ComprobarErrores.o" "src\\Inputs.o" "src\\Menus.o" "src\\TP_2.o" 
Info: Nothing to build for TP_2
Info: Nothing to build for TP_2
Info: Nothing to build for TP_2
12:52:49 **** Incremental Build of configuration Debug for project TP_2 ****
Info: Internal Builder is used for build
gcc -O0 -g3 -Wall -c -fmessage-length=0 -o "src\\TP_2.o" "..\\src\\TP_2.c" 
gcc -o TP_2.exe "src\\ArrayEmployees.o" "src\\ComprobarErrores.o" "src\\Inputs.o" "src\\Menus.o" "src\\TP_2.o" 
Info: Nothing to build for TP_2
12:53:47 **** Incremental Build of configuration Debug for project TP_2 ****
Info: Internal Builder is used for build
gcc -O0 -g3 -Wall -c -fmessage-length=0 -o "src\\Menus.o" "..\\src\\Menus.c" 
gcc -o TP_2.exe "src\\ArrayEmployees.o" "src\\ComprobarErrores.o" "src\\Inputs.o" "src\\Menus.o" "src\\TP_2.o" 
c:/mingw/bin/../lib/gcc/mingw32/9.2.0/../../../../mingw32/bin/ld.exe: cannot open output file TP_2.exe: Permission denied
collect2.exe: error: ld returned 1 exit status
12:53:49 **** Incremental Build of configuration Debug for project TP_2 ****
Info: Internal Builder is used for build
gcc -o TP_2.exe "src\\ArrayEmployees.o" "src\\ComprobarErrores.o" "src\\Inputs.o" "src\\Menus.o" "src\\TP_2.o" 
Info: Nothing to build for TP_2
Info: Nothing to build for TP_2
Info: Nothing to build for TP_2
12:57:35 **** Incremental Build of configuration Debug for project TP_2 ****
Info: Internal Builder is used for build
gcc -O0 -g3 -Wall -c -fmessage-length=0 -o "src\\Menus.o" "..\\src\\Menus.c" 
gcc -o TP_2.exe "src\\ArrayEmployees.o" "src\\ComprobarErrores.o" "src\\Inputs.o" "src\\Menus.o" "src\\TP_2.o" 
Info: Nothing to build for TP_2
13:18:51 **** Incremental Build of configuration Debug for project TP_2 ****
Info: Internal Builder is used for build
gcc -O0 -g3 -Wall -c -fmessage-length=0 -o "src\\Inputs.o" "..\\src\\Inputs.c" 
gcc -O0 -g3 -Wall -c -fmessage-length=0 -o "src\\Menus.o" "..\\src\\Menus.c" 
gcc -O0 -g3 -Wall -c -fmessage-length=0 -o "src\\ComprobarErrores.o" "..\\src\\ComprobarErrores.c" 
gcc -O0 -g3 -Wall -c -fmessage-length=0 -o "src\\ArrayEmployees.o" "..\\src\\ArrayEmployees.c" 
gcc -O0 -g3 -Wall -c -fmessage-length=0 -o "src\\TP_2.o" "..\\src\\TP_2.c" 
gcc -o TP_2.exe "src\\ArrayEmployees.o" "src\\ComprobarErrores.o" "src\\Inputs.o" "src\\Menus.o" "src\\TP_2.o" 
Info: Nothing to build for TP_2
Info: Nothing to build for TP_2
Info: Nothing to build for TP_2
13:21:37 **** Incremental Build of configuration Debug for project TP_2 ****
Info: Internal Builder is used for build
gcc -O0 -g3 -Wall -c -fmessage-length=0 -o "src\\Inputs.o" "..\\src\\Inputs.c" 
gcc -o TP_2.exe "src\\ArrayEmployees.o" "src\\ComprobarErrores.o" "src\\Inputs.o" "src\\Menus.o" "src\\TP_2.o" 
c:/mingw/bin/../lib/gcc/mingw32/9.2.0/../../../../mingw32/bin/ld.exe: cannot open output file TP_2.exe: Permission denied
collect2.exe: error: ld returned 1 exit status
13:21:41 **** Incremental Build of configuration Debug for project TP_2 ****
Info: Internal Builder is used for build
gcc -o TP_2.exe "src\\ArrayEmployees.o" "src\\ComprobarErrores.o" "src\\Inputs.o" "src\\Menus.o" "src\\TP_2.o" 
Info: Nothing to build for TP_2
Info: Nothing to build for TP_2
Info: Nothing to build for TP_2
Info: Nothing to build for TP_2
Info: Nothing to build for TP_2
Info: Nothing to build for TP_2
13:50:24 **** Incremental Build of configuration Debug for project TP_2 ****
Info: Internal Builder is used for build
gcc -O0 -g3 -Wall -c -fmessage-length=0 -o "src\\Menus.o" "..\\src\\Menus.c" 
gcc -o TP_2.exe "src\\ArrayEmployees.o" "src\\ComprobarErrores.o" "src\\Inputs.o" "src\\Menus.o" "src\\TP_2.o" 
c:/mingw/bin/../lib/gcc/mingw32/9.2.0/../../../../mingw32/bin/ld.exe: cannot open output file TP_2.exe: Permission denied
collect2.exe: error: ld returned 1 exit status
13:50:28 **** Incremental Build of configuration Debug for project TP_2 ****
Info: Internal Builder is used for build
gcc -o TP_2.exe "src\\ArrayEmployees.o" "src\\ComprobarErrores.o" "src\\Inputs.o" "src\\Menus.o" "src\\TP_2.o" 
Info: Nothing to build for TP_2
Info: Nothing to build for TP_2
Info: Nothing to build for TP_2
Info: Nothing to build for TP_2
Info: Nothing to build for TP_2
Info: Nothing to build for TP_2
14:03:51 **** Incremental Build of configuration Debug for project TP_2 ****
Info: Internal Builder is used for build
gcc -O0 -g3 -Wall -c -fmessage-length=0 -o "src\\TP_2.o" "..\\src\\TP_2.c" 
gcc -o TP_2.exe "src\\ArrayEmployees.o" "src\\ComprobarErrores.o" "src\\Inputs.o" "src\\Menus.o" "src\\TP_2.o" 
Info: Nothing to build for TP_2
14:23:35 **** Incremental Build of configuration Debug for project TP_2 ****
Info: Internal Builder is used for build
gcc -O0 -g3 -Wall -c -fmessage-length=0 -o "src\\Menus.o" "..\\src\\Menus.c" 
gcc -o TP_2.exe "src\\ArrayEmployees.o" "src\\ComprobarErrores.o" "src\\Inputs.o" "src\\Menus.o" "src\\TP_2.o" 
Info: Nothing to build for TP_2
Info: Nothing to build for TP_2
Info: Nothing to build for TP_2
Info: Nothing to build for TP_2
Info: Nothing to build for TP_2
Info: Nothing to build for TP_2
Info: Nothing to build for TP_2
14:55:33 **** Incremental Build of configuration Debug for project TP_2 ****
Info: Internal Builder is used for build
gcc -O0 -g3 -Wall -c -fmessage-length=0 -o "src\\ComprobarErrores.o" "..\\src\\ComprobarErrores.c" 
gcc -O0 -g3 -Wall -c -fmessage-length=0 -o "src\\TP_2.o" "..\\src\\TP_2.c" 
gcc -O0 -g3 -Wall -c -fmessage-length=0 -o "src\\ArrayEmployees.o" "..\\src\\ArrayEmployees.c" 
gcc -O0 -g3 -Wall -c -fmessage-length=0 -o "src\\Menus.o" "..\\src\\Menus.c" 
gcc -O0 -g3 -Wall -c -fmessage-length=0 -o "src\\Inputs.o" "..\\src\\Inputs.c" 
gcc -o TP_2.exe "src\\ArrayEmployees.o" "src\\ComprobarErrores.o" "src\\Inputs.o" "src\\Menus.o" "src\\TP_2.o" 
c:/mingw/bin/../lib/gcc/mingw32/9.2.0/../../../../mingw32/bin/ld.exe: cannot open output file TP_2.exe: Permission denied
collect2.exe: error: ld returned 1 exit status
14:55:40 **** Incremental Build of configuration Debug for project TP_2 ****
Info: Internal Builder is used for build
gcc -o TP_2.exe "src\\ArrayEmployees.o" "src\\ComprobarErrores.o" "src\\Inputs.o" "src\\Menus.o" "src\\TP_2.o" 
Info: Nothing to build for TP_2
Info: Nothing to build for TP_2
Info: Nothing to build for TP_2
Info: Nothing to build for TP_2
Info: Nothing to build for TP_2
Info: Nothing to build for TP_2
15:11:53 **** Incremental Build of configuration Debug for project TP_2 ****
Info: Internal Builder is used for build
gcc -O0 -g3 -Wall -c -fmessage-length=0 -o "src\\TP_2.o" "..\\src\\TP_2.c" 
gcc -o TP_2.exe "src\\ArrayEmployees.o" "src\\ComprobarErrores.o" "src\\Inputs.o" "src\\Menus.o" "src\\TP_2.o" 
Info: Nothing to build for TP_2
Info: Nothing to build for TP_2
09:56:29 **** Rebuild of configuration Debug for project TP_2 ****
Info: Internal Builder is used for build
gcc -O0 -g3 -Wall -c -fmessage-length=0 -o "src\\Menus.o" "..\\src\\Menus.c" 
gcc -O0 -g3 -Wall -c -fmessage-length=0 -o "src\\ComprobarErrores.o" "..\\src\\ComprobarErrores.c" 
gcc -O0 -g3 -Wall -c -fmessage-length=0 -o "src\\TP_2.o" "..\\src\\TP_2.c" 
gcc -O0 -g3 -Wall -c -fmessage-length=0 -o "src\\Inputs.o" "..\\src\\Inputs.c" 
gcc -O0 -g3 -Wall -c -fmessage-length=0 -o "src\\ArrayEmployees.o" "..\\src\\ArrayEmployees.c" 
gcc -o TP_2.exe "src\\ArrayEmployees.o" "src\\ComprobarErrores.o" "src\\Inputs.o" "src\\Menus.o" "src\\TP_2.o" 
Info: Nothing to build for TP_2
17:35:16 **** Incremental Build of configuration Debug for project TP_2 ****
Info: Internal Builder is used for build
gcc -O0 -g3 -Wall -c -fmessage-length=0 -o "src\\Menus.o" "..\\src\\Menus.c" 
..\src\Menus.c: In function 'campoAModificar':
..\src\Menus.c:42:1: error: expected '=', ',', ';', 'asm' or '__attribute__' before '{' token
   42 | {
      | ^
..\src\Menus.c:68:1: error: expected '=', ',', ';', 'asm' or '__attribute__' before '{' token
   68 | {
      | ^
..\src\Menus.c:133:1: error: expected '=', ',', ';', 'asm' or '__attribute__' before '{' token
  133 | {
      | ^
..\src\Menus.c:154:1: error: expected '=', ',', ';', 'asm' or '__attribute__' before '{' token
  154 | {
      | ^
..\src\Menus.c:242:1: error: expected '=', ',', ';', 'asm' or '__attribute__' before '{' token
  242 | {
      | ^
In file included from ..\src\Menus.h:12,
                 from ..\src\Menus.c:8:
..\src\ArrayEmployees.h:35:5: error: old-style parameter declarations in prototyped function definition
   35 | int campoAModificar(Employee* pAuxiliar, int opcion)
      |     ^~~~~~~~~~~~~~~
..\src\Menus.c:299: error: expected '{' at end of input
..\src\Menus.c:298:1: warning: control reaches end of non-void function [-Wreturn-type]
  298 | }
      | ^
17:36:11 **** Incremental Build of configuration Debug for project TP_2 ****
Info: Internal Builder is used for build
gcc -O0 -g3 -Wall -c -fmessage-length=0 -o "src\\ArrayEmployees.o" "..\\src\\ArrayEmployees.c" 
gcc -O0 -g3 -Wall -c -fmessage-length=0 -o "src\\Menus.o" "..\\src\\Menus.c" 
gcc -O0 -g3 -Wall -c -fmessage-length=0 -o "src\\TP_2.o" "..\\src\\TP_2.c" 
gcc -o TP_2.exe "src\\ArrayEmployees.o" "src\\ComprobarErrores.o" "src\\Inputs.o" "src\\Menus.o" "src\\TP_2.o" 
Info: Nothing to build for TP_2
17:36:47 **** Incremental Build of configuration Debug for project TP_2 ****
Info: Internal Builder is used for build
gcc -O0 -g3 -Wall -c -fmessage-length=0 -o "src\\ArrayEmployees.o" "..\\src\\ArrayEmployees.c" 
gcc -o TP_2.exe "src\\ArrayEmployees.o" "src\\ComprobarErrores.o" "src\\Inputs.o" "src\\Menus.o" "src\\TP_2.o" 
17:36:59 **** Incremental Build of configuration Debug for project TP_2 ****
Info: Internal Builder is used for build
gcc -O0 -g3 -Wall -c -fmessage-length=0 -o "src\\ArrayEmployees.o" "..\\src\\ArrayEmployees.c" 
gcc -o TP_2.exe "src\\ArrayEmployees.o" "src\\ComprobarErrores.o" "src\\Inputs.o" "src\\Menus.o" "src\\TP_2.o" 
17:41:56 **** Incremental Build of configuration Debug for project TP_2 ****
Info: Internal Builder is used for build
gcc -O0 -g3 -Wall -c -fmessage-length=0 -o "src\\ArrayEmployees.o" "..\\src\\ArrayEmployees.c" 
gcc -o TP_2.exe "src\\ArrayEmployees.o" "src\\ComprobarErrores.o" "src\\Inputs.o" "src\\Menus.o" "src\\TP_2.o" 
c:/mingw/bin/../lib/gcc/mingw32/9.2.0/../../../../mingw32/bin/ld.exe: cannot open output file TP_2.exe: Permission denied
collect2.exe: error: ld returned 1 exit status
18:18:58 **** Incremental Build of configuration Debug for project TP_2 ****
Info: Internal Builder is used for build
gcc -O0 -g3 -Wall -c -fmessage-length=0 -o "src\\ComprobarErrores.o" "..\\src\\ComprobarErrores.c" 
gcc -O0 -g3 -Wall -c -fmessage-length=0 -o "src\\Menus.o" "..\\src\\Menus.c" 
gcc -O0 -g3 -Wall -c -fmessage-length=0 -o "src\\Inputs.o" "..\\src\\Inputs.c" 
gcc -O0 -g3 -Wall -c -fmessage-length=0 -o "src\\ArrayEmployees.o" "..\\src\\ArrayEmployees.c" 
gcc -O0 -g3 -Wall -c -fmessage-length=0 -o "src\\TP_2.o" "..\\src\\TP_2.c" 
gcc -o TP_2.exe "src\\ArrayEmployees.o" "src\\ComprobarErrores.o" "src\\Inputs.o" "src\\Menus.o" "src\\TP_2.o" 
Info: Nothing to build for TP_2
Info: Nothing to build for TP_2
18:51:02 **** Incremental Build of configuration Debug for project TP_2 ****
Info: Internal Builder is used for build
gcc -O0 -g3 -Wall -c -fmessage-length=0 -o "src\\ComprobarErrores.o" "..\\src\\ComprobarErrores.c" 
gcc -O0 -g3 -Wall -c -fmessage-length=0 -o "src\\ArrayEmployees.o" "..\\src\\ArrayEmployees.c" 
gcc -O0 -g3 -Wall -c -fmessage-length=0 -o "src\\Menus.o" "..\\src\\Menus.c" 
gcc -O0 -g3 -Wall -c -fmessage-length=0 -o "src\\TP_2.o" "..\\src\\TP_2.c" 
gcc -O0 -g3 -Wall -c -fmessage-length=0 -o "src\\Inputs.o" "..\\src\\Inputs.c" 
gcc -o TP_2.exe "src\\ArrayEmployees.o" "src\\ComprobarErrores.o" "src\\Inputs.o" "src\\Menus.o" "src\\TP_2.o" 
Info: Nothing to build for TP_2
Info: Nothing to build for TP_2
Info: Nothing to build for TP_2
19:09:36 **** Incremental Build of configuration Debug for project TP_2 ****
Info: Internal Builder is used for build
gcc -O0 -g3 -Wall -c -fmessage-length=0 -o "src\\Inputs.o" "..\\src\\Inputs.c" 
gcc -O0 -g3 -Wall -c -fmessage-length=0 -o "src\\TP_2.o" "..\\src\\TP_2.c" 
..\src\TP_2.c: In function 'main':
..\src\TP_2.c:50:6: warning: unused variable 'idMaximo' [-Wunused-variable]
   50 |  int idMaximo;
      |      ^~~~~~~~
gcc -O0 -g3 -Wall -c -fmessage-length=0 -o "src\\ArrayEmployees.o" "..\\src\\ArrayEmployees.c" 
..\src\ArrayEmployees.c:277:5: error: conflicting types for 'tomarDatosEmpleados'
  277 | int tomarDatosEmpleados(Employee listaEmpleados[], int len, int* idMaximo)
      |     ^~~~~~~~~~~~~~~~~~~
In file included from ..\src\ArrayEmployees.c:8:
..\src\ArrayEmployees.h:34:5: note: previous declaration of 'tomarDatosEmpleados' was here
   34 | int tomarDatosEmpleados(Employee listaEmpleados[], int len);
      |     ^~~~~~~~~~~~~~~~~~~
19:10:56 **** Incremental Build of configuration Debug for project TP_2 ****
Info: Internal Builder is used for build
gcc -O0 -g3 -Wall -c -fmessage-length=0 -o "src\\ArrayEmployees.o" "..\\src\\ArrayEmployees.c" 
gcc -O0 -g3 -Wall -c -fmessage-length=0 -o "src\\Menus.o" "..\\src\\Menus.c" 
..\src\Menus.c:154:5: error: conflicting types for 'operarMenuModificacion'
  154 | int operarMenuModificacion(Employee listaEmpleados[], int len, int idMaximo)
      |     ^~~~~~~~~~~~~~~~~~~~~~
In file included from ..\src\Menus.c:8:
..\src\Menus.h:20:5: note: previous declaration of 'operarMenuModificacion' was here
   20 | int operarMenuModificacion(Employee listaEmpleados[], int len);
      |     ^~~~~~~~~~~~~~~~~~~~~~
..\src\Menus.c:240:5: error: conflicting types for 'operarMenuBajas'
  240 | int operarMenuBajas(Employee listaEmpleados[], int len, int idMaximo)
      |     ^~~~~~~~~~~~~~~
In file included from ..\src\Menus.c:8:
..\src\Menus.h:21:5: note: previous declaration of 'operarMenuBajas' was here
   21 | int operarMenuBajas(Employee listaEmpleados[], int len);
      |     ^~~~~~~~~~~~~~~
19:13:51 **** Incremental Build of configuration Debug for project TP_2 ****
Info: Internal Builder is used for build
gcc -O0 -g3 -Wall -c -fmessage-length=0 -o "src\\Menus.o" "..\\src\\Menus.c" 
gcc -O0 -g3 -Wall -c -fmessage-length=0 -o "src\\Inputs.o" "..\\src\\Inputs.c" 
gcc -O0 -g3 -Wall -c -fmessage-length=0 -o "src\\TP_2.o" "..\\src\\TP_2.c" 
..\src\TP_2.c: In function 'main':
..\src\TP_2.c:72:26: error: too few arguments to function 'tomarDatosEmpleados'
   72 |        estadoOperacion = tomarDatosEmpleados(listaEmpleados, TAM_LISTA_EMPLEADOS);
      |                          ^~~~~~~~~~~~~~~~~~~
In file included from ..\src\TP_2.c:15:
..\src\ArrayEmployees.h:34:5: note: declared here
   34 | int tomarDatosEmpleados(Employee listaEmpleados[], int len, int* idMaximo);
      |     ^~~~~~~~~~~~~~~~~~~
..\src\TP_2.c:96:26: error: too few arguments to function 'operarMenuModificacion'
   96 |        estadoOperacion = operarMenuModificacion(listaEmpleados, TAM_LISTA_EMPLEADOS);
      |                          ^~~~~~~~~~~~~~~~~~~~~~
In file included from ..\src\TP_2.c:16:
..\src\Menus.h:20:5: note: declared here
   20 | int operarMenuModificacion(Employee listaEmpleados[], int len, int idMaximo);
      |     ^~~~~~~~~~~~~~~~~~~~~~
..\src\TP_2.c:106:27: error: too few arguments to function 'operarMenuBajas'
  106 |         estadoOperacion = operarMenuBajas(listaEmpleados, TAM_LISTA_EMPLEADOS);
      |                           ^~~~~~~~~~~~~~~
In file included from ..\src\TP_2.c:16:
..\src\Menus.h:21:5: note: declared here
   21 | int operarMenuBajas(Employee listaEmpleados[], int len, int idMaximo);
      |     ^~~~~~~~~~~~~~~
..\src\TP_2.c:50:6: warning: unused variable 'idMaximo' [-Wunused-variable]
   50 |  int idMaximo;
      |      ^~~~~~~~
19:14:43 **** Incremental Build of configuration Debug for project TP_2 ****
Info: Internal Builder is used for build
gcc -O0 -g3 -Wall -c -fmessage-length=0 -o "src\\TP_2.o" "..\\src\\TP_2.c" 
gcc -o TP_2.exe "src\\ArrayEmployees.o" "src\\ComprobarErrores.o" "src\\Inputs.o" "src\\Menus.o" "src\\TP_2.o" 
Info: Nothing to build for TP_2
Info: Nothing to build for TP_2
Info: Nothing to build for TP_2
19:30:35 **** Incremental Build of configuration Debug for project TP_2 ****
Info: Internal Builder is used for build
gcc -O0 -g3 -Wall -c -fmessage-length=0 -o "src\\ArrayEmployees.o" "..\\src\\ArrayEmployees.c" 
gcc -O0 -g3 -Wall -c -fmessage-length=0 -o "src\\TP_2.o" "..\\src\\TP_2.c" 
gcc -o TP_2.exe "src\\ArrayEmployees.o" "src\\ComprobarErrores.o" "src\\Inputs.o" "src\\Menus.o" "src\\TP_2.o" 
19:40:48 **** Incremental Build of configuration Debug for project TP_2 ****
Info: Internal Builder is used for build
gcc -O0 -g3 -Wall -c -fmessage-length=0 -o "src\\TP_2.o" "..\\src\\TP_2.c" 
gcc -O0 -g3 -Wall -c -fmessage-length=0 -o "src\\ArrayEmployees.o" "..\\src\\ArrayEmployees.c" 
gcc -O0 -g3 -Wall -c -fmessage-length=0 -o "src\\Menus.o" "..\\src\\Menus.c" 
gcc -o TP_2.exe "src\\ArrayEmployees.o" "src\\ComprobarErrores.o" "src\\Inputs.o" "src\\Menus.o" "src\\TP_2.o" 
19:43:05 **** Incremental Build of configuration Debug for project TP_2 ****
Info: Internal Builder is used for build
gcc -O0 -g3 -Wall -c -fmessage-length=0 -o "src\\ArrayEmployees.o" "..\\src\\ArrayEmployees.c" 
gcc -O0 -g3 -Wall -c -fmessage-length=0 -o "src\\Menus.o" "..\\src\\Menus.c" 
gcc -o TP_2.exe "src\\ArrayEmployees.o" "src\\ComprobarErrores.o" "src\\Inputs.o" "src\\Menus.o" "src\\TP_2.o" 
c:/mingw/bin/../lib/gcc/mingw32/9.2.0/../../../../mingw32/bin/ld.exe: cannot open output file TP_2.exe: Permission denied
collect2.exe: error: ld returned 1 exit status
19:43:07 **** Incremental Build of configuration Debug for project TP_2 ****
Info: Internal Builder is used for build
gcc -o TP_2.exe "src\\ArrayEmployees.o" "src\\ComprobarErrores.o" "src\\Inputs.o" "src\\Menus.o" "src\\TP_2.o" 
19:43:40 **** Incremental Build of configuration Debug for project TP_2 ****
Info: Internal Builder is used for build
gcc -O0 -g3 -Wall -c -fmessage-length=0 -o "src\\ArrayEmployees.o" "..\\src\\ArrayEmployees.c" 
gcc -o TP_2.exe "src\\ArrayEmployees.o" "src\\ComprobarErrores.o" "src\\Inputs.o" "src\\Menus.o" "src\\TP_2.o" 
c:/mingw/bin/../lib/gcc/mingw32/9.2.0/../../../../mingw32/bin/ld.exe: cannot open output file TP_2.exe: Permission denied
collect2.exe: error: ld returned 1 exit status
19:43:42 **** Incremental Build of configuration Debug for project TP_2 ****
Info: Internal Builder is used for build
gcc -o TP_2.exe "src\\ArrayEmployees.o" "src\\ComprobarErrores.o" "src\\Inputs.o" "src\\Menus.o" "src\\TP_2.o" 
19:44:38 **** Incremental Build of configuration Debug for project TP_2 ****
Info: Internal Builder is used for build
gcc -O0 -g3 -Wall -c -fmessage-length=0 -o "src\\TP_2.o" "..\\src\\TP_2.c" 
gcc -o TP_2.exe "src\\ArrayEmployees.o" "src\\ComprobarErrores.o" "src\\Inputs.o" "src\\Menus.o" "src\\TP_2.o" 
Info: Nothing to build for TP_2
19:45:46 **** Incremental Build of configuration Debug for project TP_2 ****
Info: Internal Builder is used for build
gcc -O0 -g3 -Wall -c -fmessage-length=0 -o "src\\TP_2.o" "..\\src\\TP_2.c" 
gcc -o TP_2.exe "src\\ArrayEmployees.o" "src\\ComprobarErrores.o" "src\\Inputs.o" "src\\Menus.o" "src\\TP_2.o" 
c:/mingw/bin/../lib/gcc/mingw32/9.2.0/../../../../mingw32/bin/ld.exe: cannot open output file TP_2.exe: Permission denied
collect2.exe: error: ld returned 1 exit status
19:45:53 **** Incremental Build of configuration Debug for project TP_2 ****
Info: Internal Builder is used for build
gcc -o TP_2.exe "src\\ArrayEmployees.o" "src\\ComprobarErrores.o" "src\\Inputs.o" "src\\Menus.o" "src\\TP_2.o" 
Info: Nothing to build for TP_2
Info: Nothing to build for TP_2
20:28:55 **** Incremental Build of configuration Debug for project TP_2 ****
Info: Internal Builder is used for build
gcc -O0 -g3 -Wall -c -fmessage-length=0 -o "src\\Menus.o" "..\\src\\Menus.c" 
gcc -O0 -g3 -Wall -c -fmessage-length=0 -o "src\\Inputs.o" "..\\src\\Inputs.c" 
gcc -O0 -g3 -Wall -c -fmessage-length=0 -o "src\\ComprobarErrores.o" "..\\src\\ComprobarErrores.c" 
gcc -O0 -g3 -Wall -c -fmessage-length=0 -o "src\\ArrayEmployees.o" "..\\src\\ArrayEmployees.c" 
gcc -O0 -g3 -Wall -c -fmessage-length=0 -o "src\\TP_2.o" "..\\src\\TP_2.c" 
gcc -o TP_2.exe "src\\ArrayEmployees.o" "src\\ComprobarErrores.o" "src\\Inputs.o" "src\\Menus.o" "src\\TP_2.o" 
Info: Nothing to build for TP_2
Info: Nothing to build for TP_2
Info: Nothing to build for TP_2
Info: Nothing to build for TP_2
20:31:55 **** Incremental Build of configuration Debug for project TP_2 ****
Info: Internal Builder is used for build
gcc -O0 -g3 -Wall -c -fmessage-length=0 -o "src\\ArrayEmployees.o" "..\\src\\ArrayEmployees.c" 
gcc -o TP_2.exe "src\\ArrayEmployees.o" "src\\ComprobarErrores.o" "src\\Inputs.o" "src\\Menus.o" "src\\TP_2.o" 
Info: Nothing to build for TP_2
Info: Nothing to build for TP_2
20:32:30 **** Incremental Build of configuration Debug for project TP_2 ****
Info: Internal Builder is used for build
gcc -O0 -g3 -Wall -c -fmessage-length=0 -o "src\\TP_2.o" "..\\src\\TP_2.c" 
gcc -o TP_2.exe "src\\ArrayEmployees.o" "src\\ComprobarErrores.o" "src\\Inputs.o" "src\\Menus.o" "src\\TP_2.o" 
Info: Nothing to build for TP_2
Info: Nothing to build for TP_2
Info: Nothing to build for TP_2
Info: Nothing to build for TP_2
